#-----------------------------------------------------------
# Vivado v2015.4 (64-bit)
# SW Build 1412921 on Wed Nov 18 09:43:45 MST 2015
# IP Build 1412160 on Tue Nov 17 13:47:24 MST 2015
# Start of session at: Sat May 21 15:40:15 2016
# Process ID: 26172
# Current directory: C:/Users/engrm_000/OneDrive/vivado_HLS/complexAdder/Optimized/impl/ip
# Command line: vivado.exe -notrace -mode batch -source run_ippack.tcl
# Log file: C:/Users/engrm_000/OneDrive/vivado_HLS/complexAdder/Optimized/impl/ip/vivado.log
# Journal file: C:/Users/engrm_000/OneDrive/vivado_HLS/complexAdder/Optimized/impl/ip\vivado.jou
#-----------------------------------------------------------
source run_ippack.tcl -notrace
INFO: [IP_Flow 19-234] Refreshing IP repositories
INFO: [IP_Flow 19-1704] No user IP repositories specified
INFO: [IP_Flow 19-2313] Loaded Vivado IP repository 'C:/Xilinx/Vivado/2015.4/data/ip'.
INFO: [IP_Flow 19-1686] Generating 'Synthesis' target for IP 'TopAdder_ap_fadd_3_full_dsp_32'...
INFO: [IP_Flow 19-1686] Generating 'Simulation' target for IP 'TopAdder_ap_fadd_3_full_dsp_32'...
****** Webtalk v2015.4 (64-bit)
  **** SW Build 1412921 on Wed Nov 18 09:43:45 MST 2015
  **** IP Build 1412160 on Tue Nov 17 13:47:24 MST 2015
    ** Copyright 1986-2015 Xilinx, Inc. All Rights Reserved.

source C:/Users/engrm_000/OneDrive/vivado_HLS/complexAdder/Optimized/impl/ip/tmp.hw/webtalk/labtool_webtalk.tcl -notrace
INFO: [Common 17-206] Exiting Webtalk at Sat May 21 15:40:29 2016...
INFO: [IP_Flow 19-234] Refreshing IP repositories
INFO: [IP_Flow 19-1704] No user IP repositories specified
INFO: [IP_Flow 19-2313] Loaded Vivado IP repository 'C:/Xilinx/Vivado/2015.4/data/ip'.
INFO: [Common 17-206] Exiting Vivado at Sat May 21 15:40:30 2016...
