#-----------------------------------------------------------
# Vivado v2015.4 (64-bit)
# SW Build 1412921 on Wed Nov 18 09:43:45 MST 2015
# IP Build 1412160 on Tue Nov 17 13:47:24 MST 2015
# Start of session at: Sat May 21 15:32:03 2016
# Process ID: 15720
# Current directory: C:/Users/engrm_000/OneDrive/vivado_HLS/complexAdder/Optimized/.autopilot/db/ip_tmp
# Command line: vivado.exe  -notrace -mode batch -source run_vivado.tcl
# Log file: C:/Users/engrm_000/OneDrive/vivado_HLS/complexAdder/Optimized/.autopilot/db/ip_tmp/vivado.log
# Journal file: C:/Users/engrm_000/OneDrive/vivado_HLS/complexAdder/Optimized/.autopilot/db/ip_tmp\vivado.jou
#-----------------------------------------------------------
source run_vivado.tcl -notrace
INFO: [ProjectBase 1-489] The host OS only allows 260 characters in a normal path. The project is stored in a path with more than 80 characters. If you experience issues with IP, Block Designs, or files not being found, please consider moving the project to a location with a shorter path. Alternately consider using the OS subst command to map part of the path to a drive letter.
Current project path is 'C:/Users/engrm_000/OneDrive/vivado_HLS/complexAdder/Optimized/.autopilot/db/ip_tmp'
INFO: [IP_Flow 19-234] Refreshing IP repositories
INFO: [IP_Flow 19-1704] No user IP repositories specified
INFO: [IP_Flow 19-2313] Loaded Vivado IP repository 'C:/Xilinx/Vivado/2015.4/data/ip'.
INFO: [IP_Flow 19-1686] Generating 'Synthesis' target for IP 'TopAdder_ap_fadd_3_full_dsp_32'...
INFO: [IP_Flow 19-1686] Generating 'Simulation' target for IP 'TopAdder_ap_fadd_3_full_dsp_32'...
INFO: [Common 17-206] Exiting Vivado at Sat May 21 15:32:14 2016...
