#-----------------------------------------------------------
# xsim v2015.4 (64-bit)
# SW Build 1412921 on Wed Nov 18 09:43:45 MST 2015
# IP Build 1412160 on Tue Nov 17 13:47:24 MST 2015
# Start of session at: Wed Jun 01 08:56:22 2016
# Process ID: 12512
# Current directory: C:/Users/engrm_000/OneDrive/vivado_HLS/complexAdder/complexAdder/sim/vhdl
# Command line: xsim.exe -mode tcl -source {xsim.dir/complexAdder/xsim_script.tcl}
# Log file: C:/Users/engrm_000/OneDrive/vivado_HLS/complexAdder/complexAdder/sim/vhdl/xsim.log
# Journal file: C:/Users/engrm_000/OneDrive/vivado_HLS/complexAdder/complexAdder/sim/vhdl\xsim.jou
#-----------------------------------------------------------
source xsim.dir/complexAdder/xsim_script.tcl
# xsim {complexAdder} -maxdeltaid 10000 -autoloadwcfg -tclbatch {complexAdder.tcl}
Vivado Simulator 2015.4
Time resolution is 1 ps
source complexAdder.tcl
## run all
Note: simulation done!
Time: 2405 ns  Iteration: 1  Process: /apatb_complexAdder_top/generate_sim_done_proc  File: C:/Users/engrm_000/OneDrive/vivado_HLS/complexAdder/complexAdder/sim/vhdl/complexAdder.autotb.vhd
Failure: NORMAL EXIT (note: failure is to force the simulator to stop)
Time: 2405 ns  Iteration: 1  Process: /apatb_complexAdder_top/generate_sim_done_proc  File: C:/Users/engrm_000/OneDrive/vivado_HLS/complexAdder/complexAdder/sim/vhdl/complexAdder.autotb.vhd
$finish called at time : 2405 ns
## quit
INFO: [Common 17-206] Exiting xsim at Wed Jun 01 08:56:28 2016...
