Copyright 1986-2015 Xilinx, Inc. All Rights Reserved.
-------------------------------------------------------------------------------------------------------------------------------------------------------------
| Tool Version : Vivado v.2015.4 (win64) Build 1412921 Wed Nov 18 09:43:45 MST 2015
| Date         : Wed Jun 01 07:12:44 2016
| Host         : Abbas running 64-bit major release  (build 9200)
| Command      : report_timing_summary -warn_on_violation -max_paths 10 -file floatAdder_timing_summary_routed.rpt -rpx floatAdder_timing_summary_routed.rpx
| Design       : floatAdder
| Device       : 7z020-clg484
| Speed File   : -1  PRODUCTION 1.11 2014-09-11
-------------------------------------------------------------------------------------------------------------------------------------------------------------

Timing Summary Report

------------------------------------------------------------------------------------------------
| Timer Settings
| --------------
------------------------------------------------------------------------------------------------

  Enable Multi Corner Analysis               :  Yes
  Enable Pessimism Removal                   :  Yes
  Pessimism Removal Resolution               :  Nearest Common Node
  Enable Input Delay Default Clock           :  No
  Enable Preset / Clear Arcs                 :  No
  Disable Flight Delays                      :  No
  Ignore I/O Paths                           :  No
  Timing Early Launch at Borrowing Latches   :  false

  Corner  Analyze    Analyze    
  Name    Max Paths  Min Paths  
  ------  ---------  ---------  
  Slow    Yes        Yes        
  Fast    Yes        Yes        



check_timing report

Table of Contents
-----------------
1. checking no_clock
2. checking constant_clock
3. checking pulse_width_clock
4. checking unconstrained_internal_endpoints
5. checking no_input_delay
6. checking no_output_delay
7. checking multiple_clock
8. checking generated_clocks
9. checking loops
10. checking partial_input_delay
11. checking partial_output_delay
12. checking latch_loops

1. checking no_clock
--------------------
 There are 0 register/latch pins with no clock.


2. checking constant_clock
--------------------------
 There are 0 register/latch pins with constant_clock.


3. checking pulse_width_clock
-----------------------------
 There are 0 register/latch pins which need pulse_width check


4. checking unconstrained_internal_endpoints
--------------------------------------------
 There are 0 pins that are not constrained for maximum delay.

 There are 0 pins that are not constrained for maximum delay due to constant clock.


5. checking no_input_delay
--------------------------
 There are 56 input ports with no input delay specified. (HIGH)

 There are 0 input ports with no input delay but user has a false path constraint.


6. checking no_output_delay
---------------------------
 There are 38 ports with no output delay specified. (HIGH)

 There are 0 ports with no output delay but user has a false path constraint

 There are 0 ports with no output delay but with a timing clock defined on it or propagating through it


7. checking multiple_clock
--------------------------
 There are 0 register/latch pins with multiple clocks.


8. checking generated_clocks
----------------------------
 There are 0 generated clocks that are not connected to a clock source.


9. checking loops
-----------------
 There are 0 combinational loops in the design.


10. checking partial_input_delay
--------------------------------
 There are 0 input ports with partial input delay specified.


11. checking partial_output_delay
---------------------------------
 There are 0 ports with partial output delay specified.


12. checking latch_loops
------------------------
 There are 0 combinational latch loops in the design through latch input



------------------------------------------------------------------------------------------------
| Design Timing Summary
| ---------------------
------------------------------------------------------------------------------------------------

    WNS(ns)      TNS(ns)  TNS Failing Endpoints  TNS Total Endpoints      WHS(ns)      THS(ns)  THS Failing Endpoints  THS Total Endpoints     WPWS(ns)     TPWS(ns)  TPWS Failing Endpoints  TPWS Total Endpoints  
    -------      -------  ---------------------  -------------------      -------      -------  ---------------------  -------------------     --------     --------  ----------------------  --------------------  
      3.432        0.000                      0                  447        0.108        0.000                      0                  447        4.500        0.000                       0                   208  


All user specified timing constraints are met.


------------------------------------------------------------------------------------------------
| Clock Summary
| -------------
------------------------------------------------------------------------------------------------

Clock   Waveform(ns)       Period(ns)      Frequency(MHz)
-----   ------------       ----------      --------------
ap_clk  {0.000 5.000}      10.000          100.000         


------------------------------------------------------------------------------------------------
| Intra Clock Table
| -----------------
------------------------------------------------------------------------------------------------

Clock             WNS(ns)      TNS(ns)  TNS Failing Endpoints  TNS Total Endpoints      WHS(ns)      THS(ns)  THS Failing Endpoints  THS Total Endpoints     WPWS(ns)     TPWS(ns)  TPWS Failing Endpoints  TPWS Total Endpoints  
-----             -------      -------  ---------------------  -------------------      -------      -------  ---------------------  -------------------     --------     --------  ----------------------  --------------------  
ap_clk              3.432        0.000                      0                  447        0.108        0.000                      0                  447        4.500        0.000                       0                   208  


------------------------------------------------------------------------------------------------
| Inter Clock Table
| -----------------
------------------------------------------------------------------------------------------------

From Clock    To Clock          WNS(ns)      TNS(ns)  TNS Failing Endpoints  TNS Total Endpoints      WHS(ns)      THS(ns)  THS Failing Endpoints  THS Total Endpoints  
----------    --------          -------      -------  ---------------------  -------------------      -------      -------  ---------------------  -------------------  


------------------------------------------------------------------------------------------------
| Other Path Groups Table
| -----------------------
------------------------------------------------------------------------------------------------

Path Group    From Clock    To Clock          WNS(ns)      TNS(ns)  TNS Failing Endpoints  TNS Total Endpoints      WHS(ns)      THS(ns)  THS Failing Endpoints  THS Total Endpoints  
----------    ----------    --------          -------      -------  ---------------------  -------------------      -------      -------  ---------------------  -------------------  


------------------------------------------------------------------------------------------------
| Timing Details
| --------------
------------------------------------------------------------------------------------------------


---------------------------------------------------------------------------------------------------
From Clock:  ap_clk
  To Clock:  ap_clk

Setup :            0  Failing Endpoints,  Worst Slack        3.432ns,  Total Violation        0.000ns
Hold  :            0  Failing Endpoints,  Worst Slack        0.108ns,  Total Violation        0.000ns
PW    :            0  Failing Endpoints,  Worst Slack        4.500ns,  Total Violation        0.000ns
---------------------------------------------------------------------------------------------------


Max Delay Paths
--------------------------------------------------------------------------------------
Slack (MET) :             3.432ns  (required time - arrival time)
  Source:                 floatAdder_AXILiteS_s_axi_U/int_in1_V/gen_write[1].mem_reg/CLKARDCLK
                            (rising edge-triggered cell RAMB36E1 clocked by ap_clk  {rise@0.000ns fall@5.000ns period=10.000ns})
  Destination:            floatAdder_AXILiteS_s_axi_U/int_out_V/gen_write[1].mem_reg/DIADI[16]
                            (rising edge-triggered cell RAMB36E1 clocked by ap_clk  {rise@0.000ns fall@5.000ns period=10.000ns})
  Path Group:             ap_clk
  Path Type:              Setup (Max at Slow Process Corner)
  Requirement:            10.000ns  (ap_clk rise@10.000ns - ap_clk rise@0.000ns)
  Data Path Delay:        6.054ns  (logic 3.332ns (55.036%)  route 2.722ns (44.964%))
  Logic Levels:           3  (CARRY4=2 LUT5=1)
  Clock Path Skew:        -0.062ns (DCD - SCD + CPR)
    Destination Clock Delay (DCD):    1.562ns = ( 11.562 - 10.000 ) 
    Source Clock Delay      (SCD):    1.739ns
    Clock Pessimism Removal (CPR):    0.115ns
  Clock Uncertainty:      0.035ns  ((TSJ^2 + TIJ^2)^1/2 + DJ) / 2 + PE
    Total System Jitter     (TSJ):    0.071ns
    Total Input Jitter      (TIJ):    0.000ns
    Discrete Jitter          (DJ):    0.000ns
    Phase Error              (PE):    0.000ns

    Location             Delay type                Incr(ns)  Path(ns)    Netlist Resource(s)
  -------------------------------------------------------------------    -------------------
                         (clock ap_clk rise edge)     0.000     0.000 r  
                                                      0.000     0.000 r  ap_clk (IN)
                         net (fo=207, unset)          1.739     1.739    floatAdder_AXILiteS_s_axi_U/int_in1_V/ap_clk
    RAMB36_X3Y15         RAMB36E1                                     r  floatAdder_AXILiteS_s_axi_U/int_in1_V/gen_write[1].mem_reg/CLKARDCLK
  -------------------------------------------------------------------    -------------------
    RAMB36_X3Y15         RAMB36E1 (Prop_ramb36e1_CLKARDCLK_DOADO[12])
                                                      2.454     4.193 r  floatAdder_AXILiteS_s_axi_U/int_in1_V/gen_write[1].mem_reg/DOADO[12]
                         net (fo=3, routed)           1.941     6.135    floatAdder_AXILiteS_s_axi_U/int_in1_V/DOADO[12]
    SLICE_X53Y73         LUT5 (Prop_lut5_I1_O)        0.124     6.259 r  floatAdder_AXILiteS_s_axi_U/int_in1_V/gen_write[1].mem_reg_i_21/O
                         net (fo=1, routed)           0.000     6.259    floatAdder_AXILiteS_s_axi_U/int_in1_V/gen_write[1].mem_reg_i_21_n_0
    SLICE_X53Y73         CARRY4 (Prop_carry4_S[0]_CO[3])
                                                      0.532     6.791 r  floatAdder_AXILiteS_s_axi_U/int_in1_V/gen_write[1].mem_reg_i_2/CO[3]
                         net (fo=1, routed)           0.000     6.791    floatAdder_AXILiteS_s_axi_U/int_in1_V/gen_write[1].mem_reg_i_2_n_0
    SLICE_X53Y74         CARRY4 (Prop_carry4_CI_O[0])
                                                      0.222     7.013 r  floatAdder_AXILiteS_s_axi_U/int_in1_V/gen_write[1].mem_reg_i_1/O[0]
                         net (fo=1, routed)           0.781     7.794    floatAdder_AXILiteS_s_axi_U/int_out_V/out_V_d0[16]
    RAMB36_X3Y14         RAMB36E1                                     r  floatAdder_AXILiteS_s_axi_U/int_out_V/gen_write[1].mem_reg/DIADI[16]
  -------------------------------------------------------------------    -------------------

                         (clock ap_clk rise edge)    10.000    10.000 r  
                                                      0.000    10.000 r  ap_clk (IN)
                         net (fo=207, unset)          1.562    11.562    floatAdder_AXILiteS_s_axi_U/int_out_V/ap_clk
    RAMB36_X3Y14         RAMB36E1                                     r  floatAdder_AXILiteS_s_axi_U/int_out_V/gen_write[1].mem_reg/CLKARDCLK
                         clock pessimism              0.115    11.677    
                         clock uncertainty           -0.035    11.642    
    RAMB36_X3Y14         RAMB36E1 (Setup_ramb36e1_CLKARDCLK_DIADI[16])
                                                     -0.416    11.226    floatAdder_AXILiteS_s_axi_U/int_out_V/gen_write[1].mem_reg
  -------------------------------------------------------------------
                         required time                         11.226    
                         arrival time                          -7.794    
  -------------------------------------------------------------------
                         slack                                  3.432    

Slack (MET) :             3.551ns  (required time - arrival time)
  Source:                 floatAdder_AXILiteS_s_axi_U/int_in1_V/gen_write[1].mem_reg/CLKARDCLK
                            (rising edge-triggered cell RAMB36E1 clocked by ap_clk  {rise@0.000ns fall@5.000ns period=10.000ns})
  Destination:            floatAdder_AXILiteS_s_axi_U/int_out_V/gen_write[1].mem_reg/DIADI[17]
                            (rising edge-triggered cell RAMB36E1 clocked by ap_clk  {rise@0.000ns fall@5.000ns period=10.000ns})
  Path Group:             ap_clk
  Path Type:              Setup (Max at Slow Process Corner)
  Requirement:            10.000ns  (ap_clk rise@10.000ns - ap_clk rise@0.000ns)
  Data Path Delay:        5.932ns  (logic 3.444ns (58.062%)  route 2.488ns (41.938%))
  Logic Levels:           3  (CARRY4=2 LUT5=1)
  Clock Path Skew:        -0.062ns (DCD - SCD + CPR)
    Destination Clock Delay (DCD):    1.562ns = ( 11.562 - 10.000 ) 
    Source Clock Delay      (SCD):    1.739ns
    Clock Pessimism Removal (CPR):    0.115ns
  Clock Uncertainty:      0.035ns  ((TSJ^2 + TIJ^2)^1/2 + DJ) / 2 + PE
    Total System Jitter     (TSJ):    0.071ns
    Total Input Jitter      (TIJ):    0.000ns
    Discrete Jitter          (DJ):    0.000ns
    Phase Error              (PE):    0.000ns

    Location             Delay type                Incr(ns)  Path(ns)    Netlist Resource(s)
  -------------------------------------------------------------------    -------------------
                         (clock ap_clk rise edge)     0.000     0.000 r  
                                                      0.000     0.000 r  ap_clk (IN)
                         net (fo=207, unset)          1.739     1.739    floatAdder_AXILiteS_s_axi_U/int_in1_V/ap_clk
    RAMB36_X3Y15         RAMB36E1                                     r  floatAdder_AXILiteS_s_axi_U/int_in1_V/gen_write[1].mem_reg/CLKARDCLK
  -------------------------------------------------------------------    -------------------
    RAMB36_X3Y15         RAMB36E1 (Prop_ramb36e1_CLKARDCLK_DOADO[12])
                                                      2.454     4.193 r  floatAdder_AXILiteS_s_axi_U/int_in1_V/gen_write[1].mem_reg/DOADO[12]
                         net (fo=3, routed)           1.941     6.135    floatAdder_AXILiteS_s_axi_U/int_in1_V/DOADO[12]
    SLICE_X53Y73         LUT5 (Prop_lut5_I1_O)        0.124     6.259 r  floatAdder_AXILiteS_s_axi_U/int_in1_V/gen_write[1].mem_reg_i_21/O
                         net (fo=1, routed)           0.000     6.259    floatAdder_AXILiteS_s_axi_U/int_in1_V/gen_write[1].mem_reg_i_21_n_0
    SLICE_X53Y73         CARRY4 (Prop_carry4_S[0]_CO[3])
                                                      0.532     6.791 r  floatAdder_AXILiteS_s_axi_U/int_in1_V/gen_write[1].mem_reg_i_2/CO[3]
                         net (fo=1, routed)           0.000     6.791    floatAdder_AXILiteS_s_axi_U/int_in1_V/gen_write[1].mem_reg_i_2_n_0
    SLICE_X53Y74         CARRY4 (Prop_carry4_CI_O[1])
                                                      0.334     7.125 r  floatAdder_AXILiteS_s_axi_U/int_in1_V/gen_write[1].mem_reg_i_1/O[1]
                         net (fo=1, routed)           0.546     7.671    floatAdder_AXILiteS_s_axi_U/int_out_V/out_V_d0[17]
    RAMB36_X3Y14         RAMB36E1                                     r  floatAdder_AXILiteS_s_axi_U/int_out_V/gen_write[1].mem_reg/DIADI[17]
  -------------------------------------------------------------------    -------------------

                         (clock ap_clk rise edge)    10.000    10.000 r  
                                                      0.000    10.000 r  ap_clk (IN)
                         net (fo=207, unset)          1.562    11.562    floatAdder_AXILiteS_s_axi_U/int_out_V/ap_clk
    RAMB36_X3Y14         RAMB36E1                                     r  floatAdder_AXILiteS_s_axi_U/int_out_V/gen_write[1].mem_reg/CLKARDCLK
                         clock pessimism              0.115    11.677    
                         clock uncertainty           -0.035    11.642    
    RAMB36_X3Y14         RAMB36E1 (Setup_ramb36e1_CLKARDCLK_DIADI[17])
                                                     -0.420    11.222    floatAdder_AXILiteS_s_axi_U/int_out_V/gen_write[1].mem_reg
  -------------------------------------------------------------------
                         required time                         11.222    
                         arrival time                          -7.671    
  -------------------------------------------------------------------
                         slack                                  3.551    

Slack (MET) :             3.763ns  (required time - arrival time)
  Source:                 floatAdder_AXILiteS_s_axi_U/int_in1_V/gen_write[1].mem_reg/CLKARDCLK
                            (rising edge-triggered cell RAMB36E1 clocked by ap_clk  {rise@0.000ns fall@5.000ns period=10.000ns})
  Destination:            floatAdder_AXILiteS_s_axi_U/int_out_V/gen_write[1].mem_reg/DIADI[15]
                            (rising edge-triggered cell RAMB36E1 clocked by ap_clk  {rise@0.000ns fall@5.000ns period=10.000ns})
  Path Group:             ap_clk
  Path Type:              Setup (Max at Slow Process Corner)
  Requirement:            10.000ns  (ap_clk rise@10.000ns - ap_clk rise@0.000ns)
  Data Path Delay:        5.717ns  (logic 3.184ns (55.698%)  route 2.533ns (44.302%))
  Logic Levels:           2  (CARRY4=1 LUT5=1)
  Clock Path Skew:        -0.062ns (DCD - SCD + CPR)
    Destination Clock Delay (DCD):    1.562ns = ( 11.562 - 10.000 ) 
    Source Clock Delay      (SCD):    1.739ns
    Clock Pessimism Removal (CPR):    0.115ns
  Clock Uncertainty:      0.035ns  ((TSJ^2 + TIJ^2)^1/2 + DJ) / 2 + PE
    Total System Jitter     (TSJ):    0.071ns
    Total Input Jitter      (TIJ):    0.000ns
    Discrete Jitter          (DJ):    0.000ns
    Phase Error              (PE):    0.000ns

    Location             Delay type                Incr(ns)  Path(ns)    Netlist Resource(s)
  -------------------------------------------------------------------    -------------------
                         (clock ap_clk rise edge)     0.000     0.000 r  
                                                      0.000     0.000 r  ap_clk (IN)
                         net (fo=207, unset)          1.739     1.739    floatAdder_AXILiteS_s_axi_U/int_in1_V/ap_clk
    RAMB36_X3Y15         RAMB36E1                                     r  floatAdder_AXILiteS_s_axi_U/int_in1_V/gen_write[1].mem_reg/CLKARDCLK
  -------------------------------------------------------------------    -------------------
    RAMB36_X3Y15         RAMB36E1 (Prop_ramb36e1_CLKARDCLK_DOADO[12])
                                                      2.454     4.193 r  floatAdder_AXILiteS_s_axi_U/int_in1_V/gen_write[1].mem_reg/DOADO[12]
                         net (fo=3, routed)           1.941     6.135    floatAdder_AXILiteS_s_axi_U/int_in1_V/DOADO[12]
    SLICE_X53Y73         LUT5 (Prop_lut5_I1_O)        0.124     6.259 r  floatAdder_AXILiteS_s_axi_U/int_in1_V/gen_write[1].mem_reg_i_21/O
                         net (fo=1, routed)           0.000     6.259    floatAdder_AXILiteS_s_axi_U/int_in1_V/gen_write[1].mem_reg_i_21_n_0
    SLICE_X53Y73         CARRY4 (Prop_carry4_S[0]_O[3])
                                                      0.606     6.865 r  floatAdder_AXILiteS_s_axi_U/int_in1_V/gen_write[1].mem_reg_i_2/O[3]
                         net (fo=1, routed)           0.591     7.456    floatAdder_AXILiteS_s_axi_U/int_out_V/out_V_d0[15]
    RAMB36_X3Y14         RAMB36E1                                     r  floatAdder_AXILiteS_s_axi_U/int_out_V/gen_write[1].mem_reg/DIADI[15]
  -------------------------------------------------------------------    -------------------

                         (clock ap_clk rise edge)    10.000    10.000 r  
                                                      0.000    10.000 r  ap_clk (IN)
                         net (fo=207, unset)          1.562    11.562    floatAdder_AXILiteS_s_axi_U/int_out_V/ap_clk
    RAMB36_X3Y14         RAMB36E1                                     r  floatAdder_AXILiteS_s_axi_U/int_out_V/gen_write[1].mem_reg/CLKARDCLK
                         clock pessimism              0.115    11.677    
                         clock uncertainty           -0.035    11.642    
    RAMB36_X3Y14         RAMB36E1 (Setup_ramb36e1_CLKARDCLK_DIADI[15])
                                                     -0.423    11.219    floatAdder_AXILiteS_s_axi_U/int_out_V/gen_write[1].mem_reg
  -------------------------------------------------------------------
                         required time                         11.219    
                         arrival time                          -7.456    
  -------------------------------------------------------------------
                         slack                                  3.763    

Slack (MET) :             3.908ns  (required time - arrival time)
  Source:                 floatAdder_AXILiteS_s_axi_U/int_in1_V/gen_write[1].mem_reg/CLKARDCLK
                            (rising edge-triggered cell RAMB36E1 clocked by ap_clk  {rise@0.000ns fall@5.000ns period=10.000ns})
  Destination:            floatAdder_AXILiteS_s_axi_U/int_out_V/gen_write[1].mem_reg/DIADI[13]
                            (rising edge-triggered cell RAMB36E1 clocked by ap_clk  {rise@0.000ns fall@5.000ns period=10.000ns})
  Path Group:             ap_clk
  Path Type:              Setup (Max at Slow Process Corner)
  Requirement:            10.000ns  (ap_clk rise@10.000ns - ap_clk rise@0.000ns)
  Data Path Delay:        5.574ns  (logic 3.424ns (61.424%)  route 2.150ns (38.576%))
  Logic Levels:           4  (CARRY4=3 LUT5=1)
  Clock Path Skew:        -0.062ns (DCD - SCD + CPR)
    Destination Clock Delay (DCD):    1.562ns = ( 11.562 - 10.000 ) 
    Source Clock Delay      (SCD):    1.739ns
    Clock Pessimism Removal (CPR):    0.115ns
  Clock Uncertainty:      0.035ns  ((TSJ^2 + TIJ^2)^1/2 + DJ) / 2 + PE
    Total System Jitter     (TSJ):    0.071ns
    Total Input Jitter      (TIJ):    0.000ns
    Discrete Jitter          (DJ):    0.000ns
    Phase Error              (PE):    0.000ns

    Location             Delay type                Incr(ns)  Path(ns)    Netlist Resource(s)
  -------------------------------------------------------------------    -------------------
                         (clock ap_clk rise edge)     0.000     0.000 r  
                                                      0.000     0.000 r  ap_clk (IN)
                         net (fo=207, unset)          1.739     1.739    floatAdder_AXILiteS_s_axi_U/int_in1_V/ap_clk
    RAMB36_X3Y15         RAMB36E1                                     r  floatAdder_AXILiteS_s_axi_U/int_in1_V/gen_write[1].mem_reg/CLKARDCLK
  -------------------------------------------------------------------    -------------------
    RAMB36_X3Y15         RAMB36E1 (Prop_ramb36e1_CLKARDCLK_DOADO[6])
                                                      2.454     4.193 r  floatAdder_AXILiteS_s_axi_U/int_in1_V/gen_write[1].mem_reg/DOADO[6]
                         net (fo=3, routed)           1.618     5.811    floatAdder_AXILiteS_s_axi_U/int_in1_V/DOADO[6]
    SLICE_X53Y71         LUT5 (Prop_lut5_I1_O)        0.124     5.935 r  floatAdder_AXILiteS_s_axi_U/int_in1_V/gen_write[1].mem_reg_i_35/O
                         net (fo=1, routed)           0.000     5.935    floatAdder_AXILiteS_s_axi_U/int_in1_V/gen_write[1].mem_reg_i_35_n_0
    SLICE_X53Y71         CARRY4 (Prop_carry4_S[2]_CO[3])
                                                      0.398     6.333 r  floatAdder_AXILiteS_s_axi_U/int_in1_V/gen_write[1].mem_reg_i_4/CO[3]
                         net (fo=1, routed)           0.000     6.333    floatAdder_AXILiteS_s_axi_U/int_in1_V/gen_write[1].mem_reg_i_4_n_0
    SLICE_X53Y72         CARRY4 (Prop_carry4_CI_CO[3])
                                                      0.114     6.447 r  floatAdder_AXILiteS_s_axi_U/int_in1_V/gen_write[1].mem_reg_i_3/CO[3]
                         net (fo=1, routed)           0.000     6.447    floatAdder_AXILiteS_s_axi_U/int_in1_V/gen_write[1].mem_reg_i_3_n_0
    SLICE_X53Y73         CARRY4 (Prop_carry4_CI_O[1])
                                                      0.334     6.781 r  floatAdder_AXILiteS_s_axi_U/int_in1_V/gen_write[1].mem_reg_i_2/O[1]
                         net (fo=1, routed)           0.532     7.314    floatAdder_AXILiteS_s_axi_U/int_out_V/out_V_d0[13]
    RAMB36_X3Y14         RAMB36E1                                     r  floatAdder_AXILiteS_s_axi_U/int_out_V/gen_write[1].mem_reg/DIADI[13]
  -------------------------------------------------------------------    -------------------

                         (clock ap_clk rise edge)    10.000    10.000 r  
                                                      0.000    10.000 r  ap_clk (IN)
                         net (fo=207, unset)          1.562    11.562    floatAdder_AXILiteS_s_axi_U/int_out_V/ap_clk
    RAMB36_X3Y14         RAMB36E1                                     r  floatAdder_AXILiteS_s_axi_U/int_out_V/gen_write[1].mem_reg/CLKARDCLK
                         clock pessimism              0.115    11.677    
                         clock uncertainty           -0.035    11.642    
    RAMB36_X3Y14         RAMB36E1 (Setup_ramb36e1_CLKARDCLK_DIADI[13])
                                                     -0.420    11.222    floatAdder_AXILiteS_s_axi_U/int_out_V/gen_write[1].mem_reg
  -------------------------------------------------------------------
                         required time                         11.222    
                         arrival time                          -7.314    
  -------------------------------------------------------------------
                         slack                                  3.908    

Slack (MET) :             3.994ns  (required time - arrival time)
  Source:                 floatAdder_AXILiteS_s_axi_U/int_in1_V/gen_write[1].mem_reg/CLKARDCLK
                            (rising edge-triggered cell RAMB36E1 clocked by ap_clk  {rise@0.000ns fall@5.000ns period=10.000ns})
  Destination:            floatAdder_AXILiteS_s_axi_U/int_out_V/gen_write[1].mem_reg/DIADI[8]
                            (rising edge-triggered cell RAMB36E1 clocked by ap_clk  {rise@0.000ns fall@5.000ns period=10.000ns})
  Path Group:             ap_clk
  Path Type:              Setup (Max at Slow Process Corner)
  Requirement:            10.000ns  (ap_clk rise@10.000ns - ap_clk rise@0.000ns)
  Data Path Delay:        5.492ns  (logic 3.198ns (58.225%)  route 2.294ns (41.775%))
  Logic Levels:           3  (CARRY4=2 LUT5=1)
  Clock Path Skew:        -0.062ns (DCD - SCD + CPR)
    Destination Clock Delay (DCD):    1.562ns = ( 11.562 - 10.000 ) 
    Source Clock Delay      (SCD):    1.739ns
    Clock Pessimism Removal (CPR):    0.115ns
  Clock Uncertainty:      0.035ns  ((TSJ^2 + TIJ^2)^1/2 + DJ) / 2 + PE
    Total System Jitter     (TSJ):    0.071ns
    Total Input Jitter      (TIJ):    0.000ns
    Discrete Jitter          (DJ):    0.000ns
    Phase Error              (PE):    0.000ns

    Location             Delay type                Incr(ns)  Path(ns)    Netlist Resource(s)
  -------------------------------------------------------------------    -------------------
                         (clock ap_clk rise edge)     0.000     0.000 r  
                                                      0.000     0.000 r  ap_clk (IN)
                         net (fo=207, unset)          1.739     1.739    floatAdder_AXILiteS_s_axi_U/int_in1_V/ap_clk
    RAMB36_X3Y15         RAMB36E1                                     r  floatAdder_AXILiteS_s_axi_U/int_in1_V/gen_write[1].mem_reg/CLKARDCLK
  -------------------------------------------------------------------    -------------------
    RAMB36_X3Y15         RAMB36E1 (Prop_ramb36e1_CLKARDCLK_DOADO[6])
                                                      2.454     4.193 r  floatAdder_AXILiteS_s_axi_U/int_in1_V/gen_write[1].mem_reg/DOADO[6]
                         net (fo=3, routed)           1.618     5.811    floatAdder_AXILiteS_s_axi_U/int_in1_V/DOADO[6]
    SLICE_X53Y71         LUT5 (Prop_lut5_I1_O)        0.124     5.935 r  floatAdder_AXILiteS_s_axi_U/int_in1_V/gen_write[1].mem_reg_i_35/O
                         net (fo=1, routed)           0.000     5.935    floatAdder_AXILiteS_s_axi_U/int_in1_V/gen_write[1].mem_reg_i_35_n_0
    SLICE_X53Y71         CARRY4 (Prop_carry4_S[2]_CO[3])
                                                      0.398     6.333 r  floatAdder_AXILiteS_s_axi_U/int_in1_V/gen_write[1].mem_reg_i_4/CO[3]
                         net (fo=1, routed)           0.000     6.333    floatAdder_AXILiteS_s_axi_U/int_in1_V/gen_write[1].mem_reg_i_4_n_0
    SLICE_X53Y72         CARRY4 (Prop_carry4_CI_O[0])
                                                      0.222     6.555 r  floatAdder_AXILiteS_s_axi_U/int_in1_V/gen_write[1].mem_reg_i_3/O[0]
                         net (fo=1, routed)           0.677     7.232    floatAdder_AXILiteS_s_axi_U/int_out_V/out_V_d0[8]
    RAMB36_X3Y14         RAMB36E1                                     r  floatAdder_AXILiteS_s_axi_U/int_out_V/gen_write[1].mem_reg/DIADI[8]
  -------------------------------------------------------------------    -------------------

                         (clock ap_clk rise edge)    10.000    10.000 r  
                                                      0.000    10.000 r  ap_clk (IN)
                         net (fo=207, unset)          1.562    11.562    floatAdder_AXILiteS_s_axi_U/int_out_V/ap_clk
    RAMB36_X3Y14         RAMB36E1                                     r  floatAdder_AXILiteS_s_axi_U/int_out_V/gen_write[1].mem_reg/CLKARDCLK
                         clock pessimism              0.115    11.677    
                         clock uncertainty           -0.035    11.642    
    RAMB36_X3Y14         RAMB36E1 (Setup_ramb36e1_CLKARDCLK_DIADI[8])
                                                     -0.416    11.226    floatAdder_AXILiteS_s_axi_U/int_out_V/gen_write[1].mem_reg
  -------------------------------------------------------------------
                         required time                         11.226    
                         arrival time                          -7.232    
  -------------------------------------------------------------------
                         slack                                  3.994    

Slack (MET) :             4.000ns  (required time - arrival time)
  Source:                 floatAdder_AXILiteS_s_axi_U/int_in1_V/gen_write[1].mem_reg/CLKARDCLK
                            (rising edge-triggered cell RAMB36E1 clocked by ap_clk  {rise@0.000ns fall@5.000ns period=10.000ns})
  Destination:            floatAdder_AXILiteS_s_axi_U/int_out_V/gen_write[1].mem_reg/DIADI[5]
                            (rising edge-triggered cell RAMB36E1 clocked by ap_clk  {rise@0.000ns fall@5.000ns period=10.000ns})
  Path Group:             ap_clk
  Path Type:              Setup (Max at Slow Process Corner)
  Requirement:            10.000ns  (ap_clk rise@10.000ns - ap_clk rise@0.000ns)
  Data Path Delay:        5.483ns  (logic 3.313ns (60.422%)  route 2.170ns (39.578%))
  Logic Levels:           3  (CARRY4=2 LUT5=1)
  Clock Path Skew:        -0.062ns (DCD - SCD + CPR)
    Destination Clock Delay (DCD):    1.562ns = ( 11.562 - 10.000 ) 
    Source Clock Delay      (SCD):    1.739ns
    Clock Pessimism Removal (CPR):    0.115ns
  Clock Uncertainty:      0.035ns  ((TSJ^2 + TIJ^2)^1/2 + DJ) / 2 + PE
    Total System Jitter     (TSJ):    0.071ns
    Total Input Jitter      (TIJ):    0.000ns
    Discrete Jitter          (DJ):    0.000ns
    Phase Error              (PE):    0.000ns

    Location             Delay type                Incr(ns)  Path(ns)    Netlist Resource(s)
  -------------------------------------------------------------------    -------------------
                         (clock ap_clk rise edge)     0.000     0.000 r  
                                                      0.000     0.000 r  ap_clk (IN)
                         net (fo=207, unset)          1.739     1.739    floatAdder_AXILiteS_s_axi_U/int_in1_V/ap_clk
    RAMB36_X3Y15         RAMB36E1                                     r  floatAdder_AXILiteS_s_axi_U/int_in1_V/gen_write[1].mem_reg/CLKARDCLK
  -------------------------------------------------------------------    -------------------
    RAMB36_X3Y15         RAMB36E1 (Prop_ramb36e1_CLKARDCLK_DOADO[3])
                                                      2.454     4.193 r  floatAdder_AXILiteS_s_axi_U/int_in1_V/gen_write[1].mem_reg/DOADO[3]
                         net (fo=3, routed)           1.495     5.688    floatAdder_AXILiteS_s_axi_U/int_in1_V/DOADO[3]
    SLICE_X53Y70         LUT5 (Prop_lut5_I1_O)        0.124     5.812 r  floatAdder_AXILiteS_s_axi_U/int_in1_V/gen_write[1].mem_reg_i_42/O
                         net (fo=1, routed)           0.000     5.812    floatAdder_AXILiteS_s_axi_U/int_in1_V/gen_write[1].mem_reg_i_42_n_0
    SLICE_X53Y70         CARRY4 (Prop_carry4_S[3]_CO[3])
                                                      0.401     6.213 r  floatAdder_AXILiteS_s_axi_U/int_in1_V/gen_write[1].mem_reg_i_5/CO[3]
                         net (fo=1, routed)           0.000     6.213    floatAdder_AXILiteS_s_axi_U/int_in1_V/gen_write[1].mem_reg_i_5_n_0
    SLICE_X53Y71         CARRY4 (Prop_carry4_CI_O[1])
                                                      0.334     6.547 r  floatAdder_AXILiteS_s_axi_U/int_in1_V/gen_write[1].mem_reg_i_4/O[1]
                         net (fo=1, routed)           0.675     7.223    floatAdder_AXILiteS_s_axi_U/int_out_V/out_V_d0[5]
    RAMB36_X3Y14         RAMB36E1                                     r  floatAdder_AXILiteS_s_axi_U/int_out_V/gen_write[1].mem_reg/DIADI[5]
  -------------------------------------------------------------------    -------------------

                         (clock ap_clk rise edge)    10.000    10.000 r  
                                                      0.000    10.000 r  ap_clk (IN)
                         net (fo=207, unset)          1.562    11.562    floatAdder_AXILiteS_s_axi_U/int_out_V/ap_clk
    RAMB36_X3Y14         RAMB36E1                                     r  floatAdder_AXILiteS_s_axi_U/int_out_V/gen_write[1].mem_reg/CLKARDCLK
                         clock pessimism              0.115    11.677    
                         clock uncertainty           -0.035    11.642    
    RAMB36_X3Y14         RAMB36E1 (Setup_ramb36e1_CLKARDCLK_DIADI[5])
                                                     -0.420    11.222    floatAdder_AXILiteS_s_axi_U/int_out_V/gen_write[1].mem_reg
  -------------------------------------------------------------------
                         required time                         11.222    
                         arrival time                          -7.223    
  -------------------------------------------------------------------
                         slack                                  4.000    

Slack (MET) :             4.010ns  (required time - arrival time)
  Source:                 floatAdder_AXILiteS_s_axi_U/int_in1_V/gen_write[1].mem_reg/CLKARDCLK
                            (rising edge-triggered cell RAMB36E1 clocked by ap_clk  {rise@0.000ns fall@5.000ns period=10.000ns})
  Destination:            floatAdder_AXILiteS_s_axi_U/int_out_V/gen_write[1].mem_reg/DIADI[12]
                            (rising edge-triggered cell RAMB36E1 clocked by ap_clk  {rise@0.000ns fall@5.000ns period=10.000ns})
  Path Group:             ap_clk
  Path Type:              Setup (Max at Slow Process Corner)
  Requirement:            10.000ns  (ap_clk rise@10.000ns - ap_clk rise@0.000ns)
  Data Path Delay:        5.476ns  (logic 3.312ns (60.480%)  route 2.164ns (39.520%))
  Logic Levels:           4  (CARRY4=3 LUT5=1)
  Clock Path Skew:        -0.062ns (DCD - SCD + CPR)
    Destination Clock Delay (DCD):    1.562ns = ( 11.562 - 10.000 ) 
    Source Clock Delay      (SCD):    1.739ns
    Clock Pessimism Removal (CPR):    0.115ns
  Clock Uncertainty:      0.035ns  ((TSJ^2 + TIJ^2)^1/2 + DJ) / 2 + PE
    Total System Jitter     (TSJ):    0.071ns
    Total Input Jitter      (TIJ):    0.000ns
    Discrete Jitter          (DJ):    0.000ns
    Phase Error              (PE):    0.000ns

    Location             Delay type                Incr(ns)  Path(ns)    Netlist Resource(s)
  -------------------------------------------------------------------    -------------------
                         (clock ap_clk rise edge)     0.000     0.000 r  
                                                      0.000     0.000 r  ap_clk (IN)
                         net (fo=207, unset)          1.739     1.739    floatAdder_AXILiteS_s_axi_U/int_in1_V/ap_clk
    RAMB36_X3Y15         RAMB36E1                                     r  floatAdder_AXILiteS_s_axi_U/int_in1_V/gen_write[1].mem_reg/CLKARDCLK
  -------------------------------------------------------------------    -------------------
    RAMB36_X3Y15         RAMB36E1 (Prop_ramb36e1_CLKARDCLK_DOADO[6])
                                                      2.454     4.193 r  floatAdder_AXILiteS_s_axi_U/int_in1_V/gen_write[1].mem_reg/DOADO[6]
                         net (fo=3, routed)           1.618     5.811    floatAdder_AXILiteS_s_axi_U/int_in1_V/DOADO[6]
    SLICE_X53Y71         LUT5 (Prop_lut5_I1_O)        0.124     5.935 r  floatAdder_AXILiteS_s_axi_U/int_in1_V/gen_write[1].mem_reg_i_35/O
                         net (fo=1, routed)           0.000     5.935    floatAdder_AXILiteS_s_axi_U/int_in1_V/gen_write[1].mem_reg_i_35_n_0
    SLICE_X53Y71         CARRY4 (Prop_carry4_S[2]_CO[3])
                                                      0.398     6.333 r  floatAdder_AXILiteS_s_axi_U/int_in1_V/gen_write[1].mem_reg_i_4/CO[3]
                         net (fo=1, routed)           0.000     6.333    floatAdder_AXILiteS_s_axi_U/int_in1_V/gen_write[1].mem_reg_i_4_n_0
    SLICE_X53Y72         CARRY4 (Prop_carry4_CI_CO[3])
                                                      0.114     6.447 r  floatAdder_AXILiteS_s_axi_U/int_in1_V/gen_write[1].mem_reg_i_3/CO[3]
                         net (fo=1, routed)           0.000     6.447    floatAdder_AXILiteS_s_axi_U/int_in1_V/gen_write[1].mem_reg_i_3_n_0
    SLICE_X53Y73         CARRY4 (Prop_carry4_CI_O[0])
                                                      0.222     6.669 r  floatAdder_AXILiteS_s_axi_U/int_in1_V/gen_write[1].mem_reg_i_2/O[0]
                         net (fo=1, routed)           0.546     7.216    floatAdder_AXILiteS_s_axi_U/int_out_V/out_V_d0[12]
    RAMB36_X3Y14         RAMB36E1                                     r  floatAdder_AXILiteS_s_axi_U/int_out_V/gen_write[1].mem_reg/DIADI[12]
  -------------------------------------------------------------------    -------------------

                         (clock ap_clk rise edge)    10.000    10.000 r  
                                                      0.000    10.000 r  ap_clk (IN)
                         net (fo=207, unset)          1.562    11.562    floatAdder_AXILiteS_s_axi_U/int_out_V/ap_clk
    RAMB36_X3Y14         RAMB36E1                                     r  floatAdder_AXILiteS_s_axi_U/int_out_V/gen_write[1].mem_reg/CLKARDCLK
                         clock pessimism              0.115    11.677    
                         clock uncertainty           -0.035    11.642    
    RAMB36_X3Y14         RAMB36E1 (Setup_ramb36e1_CLKARDCLK_DIADI[12])
                                                     -0.416    11.226    floatAdder_AXILiteS_s_axi_U/int_out_V/gen_write[1].mem_reg
  -------------------------------------------------------------------
                         required time                         11.226    
                         arrival time                          -7.216    
  -------------------------------------------------------------------
                         slack                                  4.010    

Slack (MET) :             4.012ns  (required time - arrival time)
  Source:                 floatAdder_AXILiteS_s_axi_U/int_in1_V/gen_write[1].mem_reg/CLKARDCLK
                            (rising edge-triggered cell RAMB36E1 clocked by ap_clk  {rise@0.000ns fall@5.000ns period=10.000ns})
  Destination:            floatAdder_AXILiteS_s_axi_U/int_out_V/gen_write[1].mem_reg/DIADI[14]
                            (rising edge-triggered cell RAMB36E1 clocked by ap_clk  {rise@0.000ns fall@5.000ns period=10.000ns})
  Path Group:             ap_clk
  Path Type:              Setup (Max at Slow Process Corner)
  Requirement:            10.000ns  (ap_clk rise@10.000ns - ap_clk rise@0.000ns)
  Data Path Delay:        5.471ns  (logic 3.125ns (57.116%)  route 2.346ns (42.884%))
  Logic Levels:           2  (CARRY4=1 LUT5=1)
  Clock Path Skew:        -0.062ns (DCD - SCD + CPR)
    Destination Clock Delay (DCD):    1.562ns = ( 11.562 - 10.000 ) 
    Source Clock Delay      (SCD):    1.739ns
    Clock Pessimism Removal (CPR):    0.115ns
  Clock Uncertainty:      0.035ns  ((TSJ^2 + TIJ^2)^1/2 + DJ) / 2 + PE
    Total System Jitter     (TSJ):    0.071ns
    Total Input Jitter      (TIJ):    0.000ns
    Discrete Jitter          (DJ):    0.000ns
    Phase Error              (PE):    0.000ns

    Location             Delay type                Incr(ns)  Path(ns)    Netlist Resource(s)
  -------------------------------------------------------------------    -------------------
                         (clock ap_clk rise edge)     0.000     0.000 r  
                                                      0.000     0.000 r  ap_clk (IN)
                         net (fo=207, unset)          1.739     1.739    floatAdder_AXILiteS_s_axi_U/int_in1_V/ap_clk
    RAMB36_X3Y15         RAMB36E1                                     r  floatAdder_AXILiteS_s_axi_U/int_in1_V/gen_write[1].mem_reg/CLKARDCLK
  -------------------------------------------------------------------    -------------------
    RAMB36_X3Y15         RAMB36E1 (Prop_ramb36e1_CLKARDCLK_DOADO[12])
                                                      2.454     4.193 r  floatAdder_AXILiteS_s_axi_U/int_in1_V/gen_write[1].mem_reg/DOADO[12]
                         net (fo=3, routed)           1.941     6.135    floatAdder_AXILiteS_s_axi_U/int_in1_V/DOADO[12]
    SLICE_X53Y73         LUT5 (Prop_lut5_I1_O)        0.124     6.259 r  floatAdder_AXILiteS_s_axi_U/int_in1_V/gen_write[1].mem_reg_i_21/O
                         net (fo=1, routed)           0.000     6.259    floatAdder_AXILiteS_s_axi_U/int_in1_V/gen_write[1].mem_reg_i_21_n_0
    SLICE_X53Y73         CARRY4 (Prop_carry4_S[0]_O[2])
                                                      0.547     6.806 r  floatAdder_AXILiteS_s_axi_U/int_in1_V/gen_write[1].mem_reg_i_2/O[2]
                         net (fo=1, routed)           0.405     7.211    floatAdder_AXILiteS_s_axi_U/int_out_V/out_V_d0[14]
    RAMB36_X3Y14         RAMB36E1                                     r  floatAdder_AXILiteS_s_axi_U/int_out_V/gen_write[1].mem_reg/DIADI[14]
  -------------------------------------------------------------------    -------------------

                         (clock ap_clk rise edge)    10.000    10.000 r  
                                                      0.000    10.000 r  ap_clk (IN)
                         net (fo=207, unset)          1.562    11.562    floatAdder_AXILiteS_s_axi_U/int_out_V/ap_clk
    RAMB36_X3Y14         RAMB36E1                                     r  floatAdder_AXILiteS_s_axi_U/int_out_V/gen_write[1].mem_reg/CLKARDCLK
                         clock pessimism              0.115    11.677    
                         clock uncertainty           -0.035    11.642    
    RAMB36_X3Y14         RAMB36E1 (Setup_ramb36e1_CLKARDCLK_DIADI[14])
                                                     -0.419    11.223    floatAdder_AXILiteS_s_axi_U/int_out_V/gen_write[1].mem_reg
  -------------------------------------------------------------------
                         required time                         11.223    
                         arrival time                          -7.211    
  -------------------------------------------------------------------
                         slack                                  4.012    

Slack (MET) :             4.017ns  (required time - arrival time)
  Source:                 floatAdder_AXILiteS_s_axi_U/int_in1_V/gen_write[1].mem_reg/CLKARDCLK
                            (rising edge-triggered cell RAMB36E1 clocked by ap_clk  {rise@0.000ns fall@5.000ns period=10.000ns})
  Destination:            floatAdder_AXILiteS_s_axi_U/int_out_V/gen_write[1].mem_reg/DIADI[9]
                            (rising edge-triggered cell RAMB36E1 clocked by ap_clk  {rise@0.000ns fall@5.000ns period=10.000ns})
  Path Group:             ap_clk
  Path Type:              Setup (Max at Slow Process Corner)
  Requirement:            10.000ns  (ap_clk rise@10.000ns - ap_clk rise@0.000ns)
  Data Path Delay:        5.465ns  (logic 3.310ns (60.564%)  route 2.155ns (39.436%))
  Logic Levels:           3  (CARRY4=2 LUT5=1)
  Clock Path Skew:        -0.062ns (DCD - SCD + CPR)
    Destination Clock Delay (DCD):    1.562ns = ( 11.562 - 10.000 ) 
    Source Clock Delay      (SCD):    1.739ns
    Clock Pessimism Removal (CPR):    0.115ns
  Clock Uncertainty:      0.035ns  ((TSJ^2 + TIJ^2)^1/2 + DJ) / 2 + PE
    Total System Jitter     (TSJ):    0.071ns
    Total Input Jitter      (TIJ):    0.000ns
    Discrete Jitter          (DJ):    0.000ns
    Phase Error              (PE):    0.000ns

    Location             Delay type                Incr(ns)  Path(ns)    Netlist Resource(s)
  -------------------------------------------------------------------    -------------------
                         (clock ap_clk rise edge)     0.000     0.000 r  
                                                      0.000     0.000 r  ap_clk (IN)
                         net (fo=207, unset)          1.739     1.739    floatAdder_AXILiteS_s_axi_U/int_in1_V/ap_clk
    RAMB36_X3Y15         RAMB36E1                                     r  floatAdder_AXILiteS_s_axi_U/int_in1_V/gen_write[1].mem_reg/CLKARDCLK
  -------------------------------------------------------------------    -------------------
    RAMB36_X3Y15         RAMB36E1 (Prop_ramb36e1_CLKARDCLK_DOADO[6])
                                                      2.454     4.193 r  floatAdder_AXILiteS_s_axi_U/int_in1_V/gen_write[1].mem_reg/DOADO[6]
                         net (fo=3, routed)           1.618     5.811    floatAdder_AXILiteS_s_axi_U/int_in1_V/DOADO[6]
    SLICE_X53Y71         LUT5 (Prop_lut5_I1_O)        0.124     5.935 r  floatAdder_AXILiteS_s_axi_U/int_in1_V/gen_write[1].mem_reg_i_35/O
                         net (fo=1, routed)           0.000     5.935    floatAdder_AXILiteS_s_axi_U/int_in1_V/gen_write[1].mem_reg_i_35_n_0
    SLICE_X53Y71         CARRY4 (Prop_carry4_S[2]_CO[3])
                                                      0.398     6.333 r  floatAdder_AXILiteS_s_axi_U/int_in1_V/gen_write[1].mem_reg_i_4/CO[3]
                         net (fo=1, routed)           0.000     6.333    floatAdder_AXILiteS_s_axi_U/int_in1_V/gen_write[1].mem_reg_i_4_n_0
    SLICE_X53Y72         CARRY4 (Prop_carry4_CI_O[1])
                                                      0.334     6.667 r  floatAdder_AXILiteS_s_axi_U/int_in1_V/gen_write[1].mem_reg_i_3/O[1]
                         net (fo=1, routed)           0.537     7.205    floatAdder_AXILiteS_s_axi_U/int_out_V/out_V_d0[9]
    RAMB36_X3Y14         RAMB36E1                                     r  floatAdder_AXILiteS_s_axi_U/int_out_V/gen_write[1].mem_reg/DIADI[9]
  -------------------------------------------------------------------    -------------------

                         (clock ap_clk rise edge)    10.000    10.000 r  
                                                      0.000    10.000 r  ap_clk (IN)
                         net (fo=207, unset)          1.562    11.562    floatAdder_AXILiteS_s_axi_U/int_out_V/ap_clk
    RAMB36_X3Y14         RAMB36E1                                     r  floatAdder_AXILiteS_s_axi_U/int_out_V/gen_write[1].mem_reg/CLKARDCLK
                         clock pessimism              0.115    11.677    
                         clock uncertainty           -0.035    11.642    
    RAMB36_X3Y14         RAMB36E1 (Setup_ramb36e1_CLKARDCLK_DIADI[9])
                                                     -0.420    11.222    floatAdder_AXILiteS_s_axi_U/int_out_V/gen_write[1].mem_reg
  -------------------------------------------------------------------
                         required time                         11.222    
                         arrival time                          -7.205    
  -------------------------------------------------------------------
                         slack                                  4.017    

Slack (MET) :             4.018ns  (required time - arrival time)
  Source:                 floatAdder_AXILiteS_s_axi_U/int_in1_V/gen_write[1].mem_reg/CLKARDCLK
                            (rising edge-triggered cell RAMB36E1 clocked by ap_clk  {rise@0.000ns fall@5.000ns period=10.000ns})
  Destination:            floatAdder_AXILiteS_s_axi_U/int_out_V/gen_write[1].mem_reg/DIADI[7]
                            (rising edge-triggered cell RAMB36E1 clocked by ap_clk  {rise@0.000ns fall@5.000ns period=10.000ns})
  Path Group:             ap_clk
  Path Type:              Setup (Max at Slow Process Corner)
  Requirement:            10.000ns  (ap_clk rise@10.000ns - ap_clk rise@0.000ns)
  Data Path Delay:        5.462ns  (logic 3.292ns (60.275%)  route 2.170ns (39.725%))
  Logic Levels:           3  (CARRY4=2 LUT5=1)
  Clock Path Skew:        -0.062ns (DCD - SCD + CPR)
    Destination Clock Delay (DCD):    1.562ns = ( 11.562 - 10.000 ) 
    Source Clock Delay      (SCD):    1.739ns
    Clock Pessimism Removal (CPR):    0.115ns
  Clock Uncertainty:      0.035ns  ((TSJ^2 + TIJ^2)^1/2 + DJ) / 2 + PE
    Total System Jitter     (TSJ):    0.071ns
    Total Input Jitter      (TIJ):    0.000ns
    Discrete Jitter          (DJ):    0.000ns
    Phase Error              (PE):    0.000ns

    Location             Delay type                Incr(ns)  Path(ns)    Netlist Resource(s)
  -------------------------------------------------------------------    -------------------
                         (clock ap_clk rise edge)     0.000     0.000 r  
                                                      0.000     0.000 r  ap_clk (IN)
                         net (fo=207, unset)          1.739     1.739    floatAdder_AXILiteS_s_axi_U/int_in1_V/ap_clk
    RAMB36_X3Y15         RAMB36E1                                     r  floatAdder_AXILiteS_s_axi_U/int_in1_V/gen_write[1].mem_reg/CLKARDCLK
  -------------------------------------------------------------------    -------------------
    RAMB36_X3Y15         RAMB36E1 (Prop_ramb36e1_CLKARDCLK_DOADO[3])
                                                      2.454     4.193 r  floatAdder_AXILiteS_s_axi_U/int_in1_V/gen_write[1].mem_reg/DOADO[3]
                         net (fo=3, routed)           1.495     5.688    floatAdder_AXILiteS_s_axi_U/int_in1_V/DOADO[3]
    SLICE_X53Y70         LUT5 (Prop_lut5_I1_O)        0.124     5.812 r  floatAdder_AXILiteS_s_axi_U/int_in1_V/gen_write[1].mem_reg_i_42/O
                         net (fo=1, routed)           0.000     5.812    floatAdder_AXILiteS_s_axi_U/int_in1_V/gen_write[1].mem_reg_i_42_n_0
    SLICE_X53Y70         CARRY4 (Prop_carry4_S[3]_CO[3])
                                                      0.401     6.213 r  floatAdder_AXILiteS_s_axi_U/int_in1_V/gen_write[1].mem_reg_i_5/CO[3]
                         net (fo=1, routed)           0.000     6.213    floatAdder_AXILiteS_s_axi_U/int_in1_V/gen_write[1].mem_reg_i_5_n_0
    SLICE_X53Y71         CARRY4 (Prop_carry4_CI_O[3])
                                                      0.313     6.526 r  floatAdder_AXILiteS_s_axi_U/int_in1_V/gen_write[1].mem_reg_i_4/O[3]
                         net (fo=1, routed)           0.675     7.201    floatAdder_AXILiteS_s_axi_U/int_out_V/out_V_d0[7]
    RAMB36_X3Y14         RAMB36E1                                     r  floatAdder_AXILiteS_s_axi_U/int_out_V/gen_write[1].mem_reg/DIADI[7]
  -------------------------------------------------------------------    -------------------

                         (clock ap_clk rise edge)    10.000    10.000 r  
                                                      0.000    10.000 r  ap_clk (IN)
                         net (fo=207, unset)          1.562    11.562    floatAdder_AXILiteS_s_axi_U/int_out_V/ap_clk
    RAMB36_X3Y14         RAMB36E1                                     r  floatAdder_AXILiteS_s_axi_U/int_out_V/gen_write[1].mem_reg/CLKARDCLK
                         clock pessimism              0.115    11.677    
                         clock uncertainty           -0.035    11.642    
    RAMB36_X3Y14         RAMB36E1 (Setup_ramb36e1_CLKARDCLK_DIADI[7])
                                                     -0.423    11.219    floatAdder_AXILiteS_s_axi_U/int_out_V/gen_write[1].mem_reg
  -------------------------------------------------------------------
                         required time                         11.219    
                         arrival time                          -7.201    
  -------------------------------------------------------------------
                         slack                                  4.018    





Min Delay Paths
--------------------------------------------------------------------------------------
Slack (MET) :             0.108ns  (arrival time - required time)
  Source:                 rdata_reg[6]_i_4/C
                            (rising edge-triggered cell FDRE clocked by ap_clk  {rise@0.000ns fall@5.000ns period=10.000ns})
  Destination:            floatAdder_AXILiteS_s_axi_U/rdata_reg[6]/D
                            (rising edge-triggered cell FDRE clocked by ap_clk  {rise@0.000ns fall@5.000ns period=10.000ns})
  Path Group:             ap_clk
  Path Type:              Hold (Min at Fast Process Corner)
  Requirement:            0.000ns  (ap_clk rise@0.000ns - ap_clk rise@0.000ns)
  Data Path Delay:        0.242ns  (logic 0.186ns (76.827%)  route 0.056ns (23.173%))
  Logic Levels:           1  (LUT6=1)
  Clock Path Skew:        0.014ns (DCD - SCD - CPR)
    Destination Clock Delay (DCD):    0.837ns
    Source Clock Delay      (SCD):    0.569ns
    Clock Pessimism Removal (CPR):    0.254ns

    Location             Delay type                Incr(ns)  Path(ns)    Netlist Resource(s)
  -------------------------------------------------------------------    -------------------
                         (clock ap_clk rise edge)     0.000     0.000 r  
                                                      0.000     0.000 r  ap_clk (IN)
                         net (fo=207, unset)          0.569     0.569    ap_clk
    SLICE_X55Y67         FDRE                                         r  rdata_reg[6]_i_4/C
  -------------------------------------------------------------------    -------------------
    SLICE_X55Y67         FDRE (Prop_fdre_C_Q)         0.141     0.710 r  rdata_reg[6]_i_4/Q
                         net (fo=1, routed)           0.056     0.766    floatAdder_AXILiteS_s_axi_U/int_out_V/rdata_reg[6]_i_4
    SLICE_X54Y67         LUT6 (Prop_lut6_I5_O)        0.045     0.811 r  floatAdder_AXILiteS_s_axi_U/int_out_V/rdata[6]_i_1/O
                         net (fo=1, routed)           0.000     0.811    floatAdder_AXILiteS_s_axi_U/int_out_V_n_41
    SLICE_X54Y67         FDRE                                         r  floatAdder_AXILiteS_s_axi_U/rdata_reg[6]/D
  -------------------------------------------------------------------    -------------------

                         (clock ap_clk rise edge)     0.000     0.000 r  
                                                      0.000     0.000 r  ap_clk (IN)
                         net (fo=207, unset)          0.837     0.837    floatAdder_AXILiteS_s_axi_U/ap_clk
    SLICE_X54Y67         FDRE                                         r  floatAdder_AXILiteS_s_axi_U/rdata_reg[6]/C
                         clock pessimism             -0.254     0.583    
    SLICE_X54Y67         FDRE (Hold_fdre_C_D)         0.120     0.703    floatAdder_AXILiteS_s_axi_U/rdata_reg[6]
  -------------------------------------------------------------------
                         required time                         -0.703    
                         arrival time                           0.811    
  -------------------------------------------------------------------
                         slack                                  0.108    

Slack (MET) :             0.154ns  (arrival time - required time)
  Source:                 rdata_reg[21]_i_4/C
                            (rising edge-triggered cell FDRE clocked by ap_clk  {rise@0.000ns fall@5.000ns period=10.000ns})
  Destination:            floatAdder_AXILiteS_s_axi_U/rdata_reg[21]/D
                            (rising edge-triggered cell FDRE clocked by ap_clk  {rise@0.000ns fall@5.000ns period=10.000ns})
  Path Group:             ap_clk
  Path Type:              Hold (Min at Fast Process Corner)
  Requirement:            0.000ns  (ap_clk rise@0.000ns - ap_clk rise@0.000ns)
  Data Path Delay:        0.259ns  (logic 0.209ns (80.663%)  route 0.050ns (19.337%))
  Logic Levels:           1  (LUT6=1)
  Clock Path Skew:        0.013ns (DCD - SCD - CPR)
    Destination Clock Delay (DCD):    0.804ns
    Source Clock Delay      (SCD):    0.538ns
    Clock Pessimism Removal (CPR):    0.253ns

    Location             Delay type                Incr(ns)  Path(ns)    Netlist Resource(s)
  -------------------------------------------------------------------    -------------------
                         (clock ap_clk rise edge)     0.000     0.000 r  
                                                      0.000     0.000 r  ap_clk (IN)
                         net (fo=207, unset)          0.538     0.538    ap_clk
    SLICE_X50Y75         FDRE                                         r  rdata_reg[21]_i_4/C
  -------------------------------------------------------------------    -------------------
    SLICE_X50Y75         FDRE (Prop_fdre_C_Q)         0.164     0.702 r  rdata_reg[21]_i_4/Q
                         net (fo=1, routed)           0.050     0.752    floatAdder_AXILiteS_s_axi_U/int_out_V/rdata_reg[21]_i_4
    SLICE_X51Y75         LUT6 (Prop_lut6_I5_O)        0.045     0.797 r  floatAdder_AXILiteS_s_axi_U/int_out_V/rdata[21]_i_1/O
                         net (fo=1, routed)           0.000     0.797    floatAdder_AXILiteS_s_axi_U/int_out_V_n_55
    SLICE_X51Y75         FDRE                                         r  floatAdder_AXILiteS_s_axi_U/rdata_reg[21]/D
  -------------------------------------------------------------------    -------------------

                         (clock ap_clk rise edge)     0.000     0.000 r  
                                                      0.000     0.000 r  ap_clk (IN)
                         net (fo=207, unset)          0.804     0.804    floatAdder_AXILiteS_s_axi_U/ap_clk
    SLICE_X51Y75         FDRE                                         r  floatAdder_AXILiteS_s_axi_U/rdata_reg[21]/C
                         clock pessimism             -0.253     0.551    
    SLICE_X51Y75         FDRE (Hold_fdre_C_D)         0.092     0.643    floatAdder_AXILiteS_s_axi_U/rdata_reg[21]
  -------------------------------------------------------------------
                         required time                         -0.643    
                         arrival time                           0.797    
  -------------------------------------------------------------------
                         slack                                  0.154    

Slack (MET) :             0.167ns  (arrival time - required time)
  Source:                 tmp_reg_133_reg[1]/C
                            (rising edge-triggered cell FDRE clocked by ap_clk  {rise@0.000ns fall@5.000ns period=10.000ns})
  Destination:            floatAdder_AXILiteS_s_axi_U/int_out_V/gen_write[1].mem_reg/ADDRARDADDR[6]
                            (rising edge-triggered cell RAMB36E1 clocked by ap_clk  {rise@0.000ns fall@5.000ns period=10.000ns})
  Path Group:             ap_clk
  Path Type:              Hold (Min at Fast Process Corner)
  Requirement:            0.000ns  (ap_clk rise@0.000ns - ap_clk rise@0.000ns)
  Data Path Delay:        0.419ns  (logic 0.141ns (33.648%)  route 0.278ns (66.352%))
  Logic Levels:           0  
  Clock Path Skew:        0.069ns (DCD - SCD - CPR)
    Destination Clock Delay (DCD):    0.871ns
    Source Clock Delay      (SCD):    0.567ns
    Clock Pessimism Removal (CPR):    0.235ns

    Location             Delay type                Incr(ns)  Path(ns)    Netlist Resource(s)
  -------------------------------------------------------------------    -------------------
                         (clock ap_clk rise edge)     0.000     0.000 r  
                                                      0.000     0.000 r  ap_clk (IN)
                         net (fo=207, unset)          0.567     0.567    ap_clk
    SLICE_X57Y70         FDRE                                         r  tmp_reg_133_reg[1]/C
  -------------------------------------------------------------------    -------------------
    SLICE_X57Y70         FDRE (Prop_fdre_C_Q)         0.141     0.708 r  tmp_reg_133_reg[1]/Q
                         net (fo=1, routed)           0.278     0.986    floatAdder_AXILiteS_s_axi_U/int_out_V/tmp_reg_133_reg[1][1]
    RAMB36_X3Y14         RAMB36E1                                     r  floatAdder_AXILiteS_s_axi_U/int_out_V/gen_write[1].mem_reg/ADDRARDADDR[6]
  -------------------------------------------------------------------    -------------------

                         (clock ap_clk rise edge)     0.000     0.000 r  
                                                      0.000     0.000 r  ap_clk (IN)
                         net (fo=207, unset)          0.871     0.871    floatAdder_AXILiteS_s_axi_U/int_out_V/ap_clk
    RAMB36_X3Y14         RAMB36E1                                     r  floatAdder_AXILiteS_s_axi_U/int_out_V/gen_write[1].mem_reg/CLKARDCLK
                         clock pessimism             -0.235     0.636    
    RAMB36_X3Y14         RAMB36E1 (Hold_ramb36e1_CLKARDCLK_ADDRARDADDR[6])
                                                      0.183     0.819    floatAdder_AXILiteS_s_axi_U/int_out_V/gen_write[1].mem_reg
  -------------------------------------------------------------------
                         required time                         -0.819    
                         arrival time                           0.986    
  -------------------------------------------------------------------
                         slack                                  0.167    

Slack (MET) :             0.178ns  (arrival time - required time)
  Source:                 rdata_reg[12]_i_4/C
                            (rising edge-triggered cell FDRE clocked by ap_clk  {rise@0.000ns fall@5.000ns period=10.000ns})
  Destination:            floatAdder_AXILiteS_s_axi_U/rdata_reg[12]/D
                            (rising edge-triggered cell FDRE clocked by ap_clk  {rise@0.000ns fall@5.000ns period=10.000ns})
  Path Group:             ap_clk
  Path Type:              Hold (Min at Fast Process Corner)
  Requirement:            0.000ns  (ap_clk rise@0.000ns - ap_clk rise@0.000ns)
  Data Path Delay:        0.283ns  (logic 0.186ns (65.755%)  route 0.097ns (34.245%))
  Logic Levels:           1  (LUT6=1)
  Clock Path Skew:        0.014ns (DCD - SCD - CPR)
    Destination Clock Delay (DCD):    0.812ns
    Source Clock Delay      (SCD):    0.545ns
    Clock Pessimism Removal (CPR):    0.253ns

    Location             Delay type                Incr(ns)  Path(ns)    Netlist Resource(s)
  -------------------------------------------------------------------    -------------------
                         (clock ap_clk rise edge)     0.000     0.000 r  
                                                      0.000     0.000 r  ap_clk (IN)
                         net (fo=207, unset)          0.545     0.545    ap_clk
    SLICE_X53Y67         FDRE                                         r  rdata_reg[12]_i_4/C
  -------------------------------------------------------------------    -------------------
    SLICE_X53Y67         FDRE (Prop_fdre_C_Q)         0.141     0.686 r  rdata_reg[12]_i_4/Q
                         net (fo=1, routed)           0.097     0.783    floatAdder_AXILiteS_s_axi_U/int_out_V/rdata_reg[12]_i_4
    SLICE_X52Y67         LUT6 (Prop_lut6_I5_O)        0.045     0.828 r  floatAdder_AXILiteS_s_axi_U/int_out_V/rdata[12]_i_1/O
                         net (fo=1, routed)           0.000     0.828    floatAdder_AXILiteS_s_axi_U/int_out_V_n_46
    SLICE_X52Y67         FDRE                                         r  floatAdder_AXILiteS_s_axi_U/rdata_reg[12]/D
  -------------------------------------------------------------------    -------------------

                         (clock ap_clk rise edge)     0.000     0.000 r  
                                                      0.000     0.000 r  ap_clk (IN)
                         net (fo=207, unset)          0.812     0.812    floatAdder_AXILiteS_s_axi_U/ap_clk
    SLICE_X52Y67         FDRE                                         r  floatAdder_AXILiteS_s_axi_U/rdata_reg[12]/C
                         clock pessimism             -0.253     0.559    
    SLICE_X52Y67         FDRE (Hold_fdre_C_D)         0.091     0.650    floatAdder_AXILiteS_s_axi_U/rdata_reg[12]
  -------------------------------------------------------------------
                         required time                         -0.650    
                         arrival time                           0.828    
  -------------------------------------------------------------------
                         slack                                  0.178    

Slack (MET) :             0.181ns  (arrival time - required time)
  Source:                 rdata_reg[16]_i_4/C
                            (rising edge-triggered cell FDRE clocked by ap_clk  {rise@0.000ns fall@5.000ns period=10.000ns})
  Destination:            floatAdder_AXILiteS_s_axi_U/rdata_reg[16]/D
                            (rising edge-triggered cell FDRE clocked by ap_clk  {rise@0.000ns fall@5.000ns period=10.000ns})
  Path Group:             ap_clk
  Path Type:              Hold (Min at Fast Process Corner)
  Requirement:            0.000ns  (ap_clk rise@0.000ns - ap_clk rise@0.000ns)
  Data Path Delay:        0.307ns  (logic 0.186ns (60.497%)  route 0.121ns (39.503%))
  Logic Levels:           1  (LUT6=1)
  Clock Path Skew:        0.035ns (DCD - SCD - CPR)
    Destination Clock Delay (DCD):    0.839ns
    Source Clock Delay      (SCD):    0.569ns
    Clock Pessimism Removal (CPR):    0.235ns

    Location             Delay type                Incr(ns)  Path(ns)    Netlist Resource(s)
  -------------------------------------------------------------------    -------------------
                         (clock ap_clk rise edge)     0.000     0.000 r  
                                                      0.000     0.000 r  ap_clk (IN)
                         net (fo=207, unset)          0.569     0.569    ap_clk
    SLICE_X55Y67         FDRE                                         r  rdata_reg[16]_i_4/C
  -------------------------------------------------------------------    -------------------
    SLICE_X55Y67         FDRE (Prop_fdre_C_Q)         0.141     0.710 r  rdata_reg[16]_i_4/Q
                         net (fo=1, routed)           0.121     0.831    floatAdder_AXILiteS_s_axi_U/int_out_V/rdata_reg[16]_i_4
    SLICE_X56Y67         LUT6 (Prop_lut6_I5_O)        0.045     0.876 r  floatAdder_AXILiteS_s_axi_U/int_out_V/rdata[16]_i_1/O
                         net (fo=1, routed)           0.000     0.876    floatAdder_AXILiteS_s_axi_U/int_out_V_n_50
    SLICE_X56Y67         FDRE                                         r  floatAdder_AXILiteS_s_axi_U/rdata_reg[16]/D
  -------------------------------------------------------------------    -------------------

                         (clock ap_clk rise edge)     0.000     0.000 r  
                                                      0.000     0.000 r  ap_clk (IN)
                         net (fo=207, unset)          0.839     0.839    floatAdder_AXILiteS_s_axi_U/ap_clk
    SLICE_X56Y67         FDRE                                         r  floatAdder_AXILiteS_s_axi_U/rdata_reg[16]/C
                         clock pessimism             -0.235     0.604    
    SLICE_X56Y67         FDRE (Hold_fdre_C_D)         0.091     0.695    floatAdder_AXILiteS_s_axi_U/rdata_reg[16]
  -------------------------------------------------------------------
                         required time                         -0.695    
                         arrival time                           0.876    
  -------------------------------------------------------------------
                         slack                                  0.181    

Slack (MET) :             0.186ns  (arrival time - required time)
  Source:                 rdata_reg[27]_i_4/C
                            (rising edge-triggered cell FDRE clocked by ap_clk  {rise@0.000ns fall@5.000ns period=10.000ns})
  Destination:            floatAdder_AXILiteS_s_axi_U/rdata_reg[27]/D
                            (rising edge-triggered cell FDRE clocked by ap_clk  {rise@0.000ns fall@5.000ns period=10.000ns})
  Path Group:             ap_clk
  Path Type:              Hold (Min at Fast Process Corner)
  Requirement:            0.000ns  (ap_clk rise@0.000ns - ap_clk rise@0.000ns)
  Data Path Delay:        0.291ns  (logic 0.209ns (71.796%)  route 0.082ns (28.204%))
  Logic Levels:           1  (LUT6=1)
  Clock Path Skew:        0.013ns (DCD - SCD - CPR)
    Destination Clock Delay (DCD):    0.804ns
    Source Clock Delay      (SCD):    0.538ns
    Clock Pessimism Removal (CPR):    0.253ns

    Location             Delay type                Incr(ns)  Path(ns)    Netlist Resource(s)
  -------------------------------------------------------------------    -------------------
                         (clock ap_clk rise edge)     0.000     0.000 r  
                                                      0.000     0.000 r  ap_clk (IN)
                         net (fo=207, unset)          0.538     0.538    ap_clk
    SLICE_X50Y75         FDRE                                         r  rdata_reg[27]_i_4/C
  -------------------------------------------------------------------    -------------------
    SLICE_X50Y75         FDRE (Prop_fdre_C_Q)         0.164     0.702 r  rdata_reg[27]_i_4/Q
                         net (fo=1, routed)           0.082     0.784    floatAdder_AXILiteS_s_axi_U/int_out_V/rdata_reg[27]_i_4
    SLICE_X51Y75         LUT6 (Prop_lut6_I5_O)        0.045     0.829 r  floatAdder_AXILiteS_s_axi_U/int_out_V/rdata[27]_i_1/O
                         net (fo=1, routed)           0.000     0.829    floatAdder_AXILiteS_s_axi_U/int_out_V_n_61
    SLICE_X51Y75         FDRE                                         r  floatAdder_AXILiteS_s_axi_U/rdata_reg[27]/D
  -------------------------------------------------------------------    -------------------

                         (clock ap_clk rise edge)     0.000     0.000 r  
                                                      0.000     0.000 r  ap_clk (IN)
                         net (fo=207, unset)          0.804     0.804    floatAdder_AXILiteS_s_axi_U/ap_clk
    SLICE_X51Y75         FDRE                                         r  floatAdder_AXILiteS_s_axi_U/rdata_reg[27]/C
                         clock pessimism             -0.253     0.551    
    SLICE_X51Y75         FDRE (Hold_fdre_C_D)         0.092     0.643    floatAdder_AXILiteS_s_axi_U/rdata_reg[27]
  -------------------------------------------------------------------
                         required time                         -0.643    
                         arrival time                           0.829    
  -------------------------------------------------------------------
                         slack                                  0.186    

Slack (MET) :             0.187ns  (arrival time - required time)
  Source:                 rdata_reg[11]_i_4/C
                            (rising edge-triggered cell FDRE clocked by ap_clk  {rise@0.000ns fall@5.000ns period=10.000ns})
  Destination:            floatAdder_AXILiteS_s_axi_U/rdata_reg[11]/D
                            (rising edge-triggered cell FDRE clocked by ap_clk  {rise@0.000ns fall@5.000ns period=10.000ns})
  Path Group:             ap_clk
  Path Type:              Hold (Min at Fast Process Corner)
  Requirement:            0.000ns  (ap_clk rise@0.000ns - ap_clk rise@0.000ns)
  Data Path Delay:        0.291ns  (logic 0.209ns (71.796%)  route 0.082ns (28.204%))
  Logic Levels:           1  (LUT6=1)
  Clock Path Skew:        0.013ns (DCD - SCD - CPR)
    Destination Clock Delay (DCD):    0.804ns
    Source Clock Delay      (SCD):    0.538ns
    Clock Pessimism Removal (CPR):    0.253ns

    Location             Delay type                Incr(ns)  Path(ns)    Netlist Resource(s)
  -------------------------------------------------------------------    -------------------
                         (clock ap_clk rise edge)     0.000     0.000 r  
                                                      0.000     0.000 r  ap_clk (IN)
                         net (fo=207, unset)          0.538     0.538    ap_clk
    SLICE_X50Y75         FDRE                                         r  rdata_reg[11]_i_4/C
  -------------------------------------------------------------------    -------------------
    SLICE_X50Y75         FDRE (Prop_fdre_C_Q)         0.164     0.702 r  rdata_reg[11]_i_4/Q
                         net (fo=1, routed)           0.082     0.784    floatAdder_AXILiteS_s_axi_U/int_out_V/rdata_reg[11]_i_4
    SLICE_X51Y75         LUT6 (Prop_lut6_I5_O)        0.045     0.829 r  floatAdder_AXILiteS_s_axi_U/int_out_V/rdata[11]_i_1/O
                         net (fo=1, routed)           0.000     0.829    floatAdder_AXILiteS_s_axi_U/int_out_V_n_45
    SLICE_X51Y75         FDRE                                         r  floatAdder_AXILiteS_s_axi_U/rdata_reg[11]/D
  -------------------------------------------------------------------    -------------------

                         (clock ap_clk rise edge)     0.000     0.000 r  
                                                      0.000     0.000 r  ap_clk (IN)
                         net (fo=207, unset)          0.804     0.804    floatAdder_AXILiteS_s_axi_U/ap_clk
    SLICE_X51Y75         FDRE                                         r  floatAdder_AXILiteS_s_axi_U/rdata_reg[11]/C
                         clock pessimism             -0.253     0.551    
    SLICE_X51Y75         FDRE (Hold_fdre_C_D)         0.091     0.642    floatAdder_AXILiteS_s_axi_U/rdata_reg[11]
  -------------------------------------------------------------------
                         required time                         -0.642    
                         arrival time                           0.829    
  -------------------------------------------------------------------
                         slack                                  0.187    

Slack (MET) :             0.187ns  (arrival time - required time)
  Source:                 rdata_reg[13]_i_4/C
                            (rising edge-triggered cell FDRE clocked by ap_clk  {rise@0.000ns fall@5.000ns period=10.000ns})
  Destination:            floatAdder_AXILiteS_s_axi_U/rdata_reg[13]/D
                            (rising edge-triggered cell FDRE clocked by ap_clk  {rise@0.000ns fall@5.000ns period=10.000ns})
  Path Group:             ap_clk
  Path Type:              Hold (Min at Fast Process Corner)
  Requirement:            0.000ns  (ap_clk rise@0.000ns - ap_clk rise@0.000ns)
  Data Path Delay:        0.291ns  (logic 0.209ns (71.796%)  route 0.082ns (28.204%))
  Logic Levels:           1  (LUT6=1)
  Clock Path Skew:        0.013ns (DCD - SCD - CPR)
    Destination Clock Delay (DCD):    0.807ns
    Source Clock Delay      (SCD):    0.541ns
    Clock Pessimism Removal (CPR):    0.253ns

    Location             Delay type                Incr(ns)  Path(ns)    Netlist Resource(s)
  -------------------------------------------------------------------    -------------------
                         (clock ap_clk rise edge)     0.000     0.000 r  
                                                      0.000     0.000 r  ap_clk (IN)
                         net (fo=207, unset)          0.541     0.541    ap_clk
    SLICE_X50Y72         FDRE                                         r  rdata_reg[13]_i_4/C
  -------------------------------------------------------------------    -------------------
    SLICE_X50Y72         FDRE (Prop_fdre_C_Q)         0.164     0.705 r  rdata_reg[13]_i_4/Q
                         net (fo=1, routed)           0.082     0.787    floatAdder_AXILiteS_s_axi_U/int_out_V/rdata_reg[13]_i_4
    SLICE_X51Y72         LUT6 (Prop_lut6_I5_O)        0.045     0.832 r  floatAdder_AXILiteS_s_axi_U/int_out_V/rdata[13]_i_1/O
                         net (fo=1, routed)           0.000     0.832    floatAdder_AXILiteS_s_axi_U/int_out_V_n_47
    SLICE_X51Y72         FDRE                                         r  floatAdder_AXILiteS_s_axi_U/rdata_reg[13]/D
  -------------------------------------------------------------------    -------------------

                         (clock ap_clk rise edge)     0.000     0.000 r  
                                                      0.000     0.000 r  ap_clk (IN)
                         net (fo=207, unset)          0.807     0.807    floatAdder_AXILiteS_s_axi_U/ap_clk
    SLICE_X51Y72         FDRE                                         r  floatAdder_AXILiteS_s_axi_U/rdata_reg[13]/C
                         clock pessimism             -0.253     0.554    
    SLICE_X51Y72         FDRE (Hold_fdre_C_D)         0.091     0.645    floatAdder_AXILiteS_s_axi_U/rdata_reg[13]
  -------------------------------------------------------------------
                         required time                         -0.645    
                         arrival time                           0.832    
  -------------------------------------------------------------------
                         slack                                  0.187    

Slack (MET) :             0.188ns  (arrival time - required time)
  Source:                 rdata_reg[14]_i_4/C
                            (rising edge-triggered cell FDRE clocked by ap_clk  {rise@0.000ns fall@5.000ns period=10.000ns})
  Destination:            floatAdder_AXILiteS_s_axi_U/rdata_reg[14]/D
                            (rising edge-triggered cell FDRE clocked by ap_clk  {rise@0.000ns fall@5.000ns period=10.000ns})
  Path Group:             ap_clk
  Path Type:              Hold (Min at Fast Process Corner)
  Requirement:            0.000ns  (ap_clk rise@0.000ns - ap_clk rise@0.000ns)
  Data Path Delay:        0.291ns  (logic 0.209ns (71.796%)  route 0.082ns (28.204%))
  Logic Levels:           1  (LUT6=1)
  Clock Path Skew:        0.012ns (DCD - SCD - CPR)
    Destination Clock Delay (DCD):    0.804ns
    Source Clock Delay      (SCD):    0.539ns
    Clock Pessimism Removal (CPR):    0.253ns

    Location             Delay type                Incr(ns)  Path(ns)    Netlist Resource(s)
  -------------------------------------------------------------------    -------------------
                         (clock ap_clk rise edge)     0.000     0.000 r  
                                                      0.000     0.000 r  ap_clk (IN)
                         net (fo=207, unset)          0.539     0.539    ap_clk
    SLICE_X50Y73         FDRE                                         r  rdata_reg[14]_i_4/C
  -------------------------------------------------------------------    -------------------
    SLICE_X50Y73         FDRE (Prop_fdre_C_Q)         0.164     0.703 r  rdata_reg[14]_i_4/Q
                         net (fo=1, routed)           0.082     0.785    floatAdder_AXILiteS_s_axi_U/int_out_V/rdata_reg[14]_i_4
    SLICE_X51Y73         LUT6 (Prop_lut6_I5_O)        0.045     0.830 r  floatAdder_AXILiteS_s_axi_U/int_out_V/rdata[14]_i_1/O
                         net (fo=1, routed)           0.000     0.830    floatAdder_AXILiteS_s_axi_U/int_out_V_n_48
    SLICE_X51Y73         FDRE                                         r  floatAdder_AXILiteS_s_axi_U/rdata_reg[14]/D
  -------------------------------------------------------------------    -------------------

                         (clock ap_clk rise edge)     0.000     0.000 r  
                                                      0.000     0.000 r  ap_clk (IN)
                         net (fo=207, unset)          0.804     0.804    floatAdder_AXILiteS_s_axi_U/ap_clk
    SLICE_X51Y73         FDRE                                         r  floatAdder_AXILiteS_s_axi_U/rdata_reg[14]/C
                         clock pessimism             -0.253     0.551    
    SLICE_X51Y73         FDRE (Hold_fdre_C_D)         0.091     0.642    floatAdder_AXILiteS_s_axi_U/rdata_reg[14]
  -------------------------------------------------------------------
                         required time                         -0.642    
                         arrival time                           0.830    
  -------------------------------------------------------------------
                         slack                                  0.188    

Slack (MET) :             0.201ns  (arrival time - required time)
  Source:                 index_reg_88_reg[0]/C
                            (rising edge-triggered cell FDRE clocked by ap_clk  {rise@0.000ns fall@5.000ns period=10.000ns})
  Destination:            floatAdder_AXILiteS_s_axi_U/int_in2_V/gen_write[1].mem_reg/ADDRARDADDR[5]
                            (rising edge-triggered cell RAMB36E1 clocked by ap_clk  {rise@0.000ns fall@5.000ns period=10.000ns})
  Path Group:             ap_clk
  Path Type:              Hold (Min at Fast Process Corner)
  Requirement:            0.000ns  (ap_clk rise@0.000ns - ap_clk rise@0.000ns)
  Data Path Delay:        0.461ns  (logic 0.141ns (30.566%)  route 0.320ns (69.434%))
  Logic Levels:           0  
  Clock Path Skew:        0.077ns (DCD - SCD - CPR)
    Destination Clock Delay (DCD):    0.878ns
    Source Clock Delay      (SCD):    0.566ns
    Clock Pessimism Removal (CPR):    0.235ns

    Location             Delay type                Incr(ns)  Path(ns)    Netlist Resource(s)
  -------------------------------------------------------------------    -------------------
                         (clock ap_clk rise edge)     0.000     0.000 r  
                                                      0.000     0.000 r  ap_clk (IN)
                         net (fo=207, unset)          0.566     0.566    ap_clk
    SLICE_X59Y71         FDRE                                         r  index_reg_88_reg[0]/C
  -------------------------------------------------------------------    -------------------
    SLICE_X59Y71         FDRE (Prop_fdre_C_Q)         0.141     0.707 r  index_reg_88_reg[0]/Q
                         net (fo=13, routed)          0.320     1.027    floatAdder_AXILiteS_s_axi_U/int_in2_V/Q[0]
    RAMB36_X3Y13         RAMB36E1                                     r  floatAdder_AXILiteS_s_axi_U/int_in2_V/gen_write[1].mem_reg/ADDRARDADDR[5]
  -------------------------------------------------------------------    -------------------

                         (clock ap_clk rise edge)     0.000     0.000 r  
                                                      0.000     0.000 r  ap_clk (IN)
                         net (fo=207, unset)          0.878     0.878    floatAdder_AXILiteS_s_axi_U/int_in2_V/ap_clk
    RAMB36_X3Y13         RAMB36E1                                     r  floatAdder_AXILiteS_s_axi_U/int_in2_V/gen_write[1].mem_reg/CLKARDCLK
                         clock pessimism             -0.235     0.643    
    RAMB36_X3Y13         RAMB36E1 (Hold_ramb36e1_CLKARDCLK_ADDRARDADDR[5])
                                                      0.183     0.826    floatAdder_AXILiteS_s_axi_U/int_in2_V/gen_write[1].mem_reg
  -------------------------------------------------------------------
                         required time                         -0.826    
                         arrival time                           1.027    
  -------------------------------------------------------------------
                         slack                                  0.201    





Pulse Width Checks
--------------------------------------------------------------------------------------
Clock Name:         ap_clk
Waveform(ns):       { 0.000 5.000 }
Period(ns):         10.000
Sources:            { ap_clk }

Check Type        Corner  Lib Pin             Reference Pin  Required(ns)  Actual(ns)  Slack(ns)  Location      Pin
Min Period        n/a     RAMB36E1/CLKARDCLK  n/a            2.944         10.000      7.056      RAMB36_X3Y15  floatAdder_AXILiteS_s_axi_U/int_in1_V/gen_write[1].mem_reg/CLKARDCLK
Min Period        n/a     RAMB36E1/CLKBWRCLK  n/a            2.944         10.000      7.056      RAMB36_X3Y15  floatAdder_AXILiteS_s_axi_U/int_in1_V/gen_write[1].mem_reg/CLKBWRCLK
Min Period        n/a     RAMB36E1/CLKARDCLK  n/a            2.944         10.000      7.056      RAMB36_X3Y14  floatAdder_AXILiteS_s_axi_U/int_out_V/gen_write[1].mem_reg/CLKARDCLK
Min Period        n/a     RAMB36E1/CLKBWRCLK  n/a            2.944         10.000      7.056      RAMB36_X3Y14  floatAdder_AXILiteS_s_axi_U/int_out_V/gen_write[1].mem_reg/CLKBWRCLK
Min Period        n/a     RAMB36E1/CLKARDCLK  n/a            2.944         10.000      7.056      RAMB36_X3Y13  floatAdder_AXILiteS_s_axi_U/int_in2_V/gen_write[1].mem_reg/CLKARDCLK
Min Period        n/a     RAMB36E1/CLKBWRCLK  n/a            2.944         10.000      7.056      RAMB36_X3Y13  floatAdder_AXILiteS_s_axi_U/int_in2_V/gen_write[1].mem_reg/CLKBWRCLK
Min Period        n/a     FDSE/C              n/a            1.000         10.000      9.000      SLICE_X57Y72  ap_CS_fsm_reg[0]/C
Min Period        n/a     FDRE/C              n/a            1.000         10.000      9.000      SLICE_X58Y71  ap_CS_fsm_reg[1]/C
Min Period        n/a     FDRE/C              n/a            1.000         10.000      9.000      SLICE_X58Y71  ap_CS_fsm_reg[2]/C
Min Period        n/a     FDRE/C              n/a            1.000         10.000      9.000      SLICE_X56Y71  ap_reg_ppiten_pp0_it0_reg/C
Low Pulse Width   Fast    FDSE/C              n/a            0.500         5.000       4.500      SLICE_X57Y72  ap_CS_fsm_reg[0]/C
Low Pulse Width   Slow    FDRE/C              n/a            0.500         5.000       4.500      SLICE_X58Y71  ap_CS_fsm_reg[1]/C
Low Pulse Width   Fast    FDRE/C              n/a            0.500         5.000       4.500      SLICE_X58Y71  ap_CS_fsm_reg[1]/C
Low Pulse Width   Slow    FDRE/C              n/a            0.500         5.000       4.500      SLICE_X58Y71  ap_CS_fsm_reg[2]/C
Low Pulse Width   Fast    FDRE/C              n/a            0.500         5.000       4.500      SLICE_X58Y71  ap_CS_fsm_reg[2]/C
Low Pulse Width   Slow    FDRE/C              n/a            0.500         5.000       4.500      SLICE_X56Y71  ap_reg_ppiten_pp0_it0_reg/C
Low Pulse Width   Fast    FDRE/C              n/a            0.500         5.000       4.500      SLICE_X56Y71  ap_reg_ppiten_pp0_it0_reg/C
Low Pulse Width   Slow    FDRE/C              n/a            0.500         5.000       4.500      SLICE_X58Y71  ap_reg_ppiten_pp0_it1_reg/C
Low Pulse Width   Fast    FDRE/C              n/a            0.500         5.000       4.500      SLICE_X58Y71  ap_reg_ppiten_pp0_it1_reg/C
Low Pulse Width   Slow    FDRE/C              n/a            0.500         5.000       4.500      SLICE_X56Y71  exitcond_reg_124_reg[0]/C
High Pulse Width  Fast    FDRE/C              n/a            0.500         5.000       4.500      SLICE_X55Y72  rdata_reg[31]_i_11/C
High Pulse Width  Fast    FDRE/C              n/a            0.500         5.000       4.500      SLICE_X55Y72  rdata_reg[31]_i_6/C
High Pulse Width  Fast    FDRE/C              n/a            0.500         5.000       4.500      SLICE_X55Y72  rdata_reg[31]_i_9/C
High Pulse Width  Fast    FDRE/C              n/a            0.500         5.000       4.500      SLICE_X54Y72  rdata_reg[7]_i_7/C
High Pulse Width  Fast    FDRE/C              n/a            0.500         5.000       4.500      SLICE_X53Y67  rdata_reg[12]_i_4/C
High Pulse Width  Fast    FDRE/C              n/a            0.500         5.000       4.500      SLICE_X51Y67  rdata_reg[12]_i_6/C
High Pulse Width  Fast    FDRE/C              n/a            0.500         5.000       4.500      SLICE_X53Y67  rdata_reg[18]_i_4/C
High Pulse Width  Fast    FDRE/C              n/a            0.500         5.000       4.500      SLICE_X52Y67  floatAdder_AXILiteS_s_axi_U/rdata_reg[12]/C
High Pulse Width  Fast    FDRE/C              n/a            0.500         5.000       4.500      SLICE_X52Y67  floatAdder_AXILiteS_s_axi_U/rdata_reg[18]/C
High Pulse Width  Slow    FDSE/C              n/a            0.500         5.000       4.500      SLICE_X57Y72  ap_CS_fsm_reg[0]/C



