Copyright 1986-2015 Xilinx, Inc. All Rights Reserved.
------------------------------------------------------------------------------------
| Tool Version : Vivado v.2015.4 (win64) Build 1412921 Wed Nov 18 09:43:45 MST 2015
| Date         : Wed Jun 01 07:12:49 2016
| Host         : Abbas running 64-bit major release  (build 9200)
| Command      : report_timing_summary -file ./report/floatAdder_timing_routed.rpt
| Design       : floatAdder
| Device       : 7z020-clg484
| Speed File   : -1  PRODUCTION 1.11 2014-09-11
------------------------------------------------------------------------------------

Timing Summary Report

------------------------------------------------------------------------------------------------
| Timer Settings
| --------------
------------------------------------------------------------------------------------------------

  Enable Multi Corner Analysis               :  Yes
  Enable Pessimism Removal                   :  Yes
  Pessimism Removal Resolution               :  Nearest Common Node
  Enable Input Delay Default Clock           :  No
  Enable Preset / Clear Arcs                 :  No
  Disable Flight Delays                      :  No
  Ignore I/O Paths                           :  No
  Timing Early Launch at Borrowing Latches   :  false

  Corner  Analyze    Analyze    
  Name    Max Paths  Min Paths  
  ------  ---------  ---------  
  Slow    Yes        Yes        
  Fast    Yes        Yes        



check_timing report

Table of Contents
-----------------
1. checking no_clock
2. checking constant_clock
3. checking pulse_width_clock
4. checking unconstrained_internal_endpoints
5. checking no_input_delay
6. checking no_output_delay
7. checking multiple_clock
8. checking generated_clocks
9. checking loops
10. checking partial_input_delay
11. checking partial_output_delay
12. checking latch_loops

1. checking no_clock
--------------------
 There are 0 register/latch pins with no clock.


2. checking constant_clock
--------------------------
 There are 0 register/latch pins with constant_clock.


3. checking pulse_width_clock
-----------------------------
 There are 0 register/latch pins which need pulse_width check


4. checking unconstrained_internal_endpoints
--------------------------------------------
 There are 0 pins that are not constrained for maximum delay.

 There are 0 pins that are not constrained for maximum delay due to constant clock.


5. checking no_input_delay
--------------------------
 There are 56 input ports with no input delay specified. (HIGH)

 There are 0 input ports with no input delay but user has a false path constraint.


6. checking no_output_delay
---------------------------
 There are 38 ports with no output delay specified. (HIGH)

 There are 0 ports with no output delay but user has a false path constraint

 There are 0 ports with no output delay but with a timing clock defined on it or propagating through it


7. checking multiple_clock
--------------------------
 There are 0 register/latch pins with multiple clocks.


8. checking generated_clocks
----------------------------
 There are 0 generated clocks that are not connected to a clock source.


9. checking loops
-----------------
 There are 0 combinational loops in the design.


10. checking partial_input_delay
--------------------------------
 There are 0 input ports with partial input delay specified.


11. checking partial_output_delay
---------------------------------
 There are 0 ports with partial output delay specified.


12. checking latch_loops
------------------------
 There are 0 combinational latch loops in the design through latch input



------------------------------------------------------------------------------------------------
| Design Timing Summary
| ---------------------
------------------------------------------------------------------------------------------------

    WNS(ns)      TNS(ns)  TNS Failing Endpoints  TNS Total Endpoints      WHS(ns)      THS(ns)  THS Failing Endpoints  THS Total Endpoints     WPWS(ns)     TPWS(ns)  TPWS Failing Endpoints  TPWS Total Endpoints  
    -------      -------  ---------------------  -------------------      -------      -------  ---------------------  -------------------     --------     --------  ----------------------  --------------------  
      3.432        0.000                      0                  447        0.108        0.000                      0                  447        4.500        0.000                       0                   208  


All user specified timing constraints are met.


------------------------------------------------------------------------------------------------
| Clock Summary
| -------------
------------------------------------------------------------------------------------------------

Clock   Waveform(ns)       Period(ns)      Frequency(MHz)
-----   ------------       ----------      --------------
ap_clk  {0.000 5.000}      10.000          100.000         


------------------------------------------------------------------------------------------------
| Intra Clock Table
| -----------------
------------------------------------------------------------------------------------------------

Clock             WNS(ns)      TNS(ns)  TNS Failing Endpoints  TNS Total Endpoints      WHS(ns)      THS(ns)  THS Failing Endpoints  THS Total Endpoints     WPWS(ns)     TPWS(ns)  TPWS Failing Endpoints  TPWS Total Endpoints  
-----             -------      -------  ---------------------  -------------------      -------      -------  ---------------------  -------------------     --------     --------  ----------------------  --------------------  
ap_clk              3.432        0.000                      0                  447        0.108        0.000                      0                  447        4.500        0.000                       0                   208  


------------------------------------------------------------------------------------------------
| Inter Clock Table
| -----------------
------------------------------------------------------------------------------------------------

From Clock    To Clock          WNS(ns)      TNS(ns)  TNS Failing Endpoints  TNS Total Endpoints      WHS(ns)      THS(ns)  THS Failing Endpoints  THS Total Endpoints  
----------    --------          -------      -------  ---------------------  -------------------      -------      -------  ---------------------  -------------------  


------------------------------------------------------------------------------------------------
| Other Path Groups Table
| -----------------------
------------------------------------------------------------------------------------------------

Path Group    From Clock    To Clock          WNS(ns)      TNS(ns)  TNS Failing Endpoints  TNS Total Endpoints      WHS(ns)      THS(ns)  THS Failing Endpoints  THS Total Endpoints  
----------    ----------    --------          -------      -------  ---------------------  -------------------      -------      -------  ---------------------  -------------------  


------------------------------------------------------------------------------------------------
| Timing Details
| --------------
------------------------------------------------------------------------------------------------


---------------------------------------------------------------------------------------------------
From Clock:  ap_clk
  To Clock:  ap_clk

Setup :            0  Failing Endpoints,  Worst Slack        3.432ns,  Total Violation        0.000ns
Hold  :            0  Failing Endpoints,  Worst Slack        0.108ns,  Total Violation        0.000ns
PW    :            0  Failing Endpoints,  Worst Slack        4.500ns,  Total Violation        0.000ns
---------------------------------------------------------------------------------------------------


Max Delay Paths
--------------------------------------------------------------------------------------
Slack (MET) :             3.432ns  (required time - arrival time)
  Source:                 floatAdder_AXILiteS_s_axi_U/int_in1_V/gen_write[1].mem_reg/CLKARDCLK
                            (rising edge-triggered cell RAMB36E1 clocked by ap_clk  {rise@0.000ns fall@5.000ns period=10.000ns})
  Destination:            floatAdder_AXILiteS_s_axi_U/int_out_V/gen_write[1].mem_reg/DIADI[16]
                            (rising edge-triggered cell RAMB36E1 clocked by ap_clk  {rise@0.000ns fall@5.000ns period=10.000ns})
  Path Group:             ap_clk
  Path Type:              Setup (Max at Slow Process Corner)
  Requirement:            10.000ns  (ap_clk rise@10.000ns - ap_clk rise@0.000ns)
  Data Path Delay:        6.054ns  (logic 3.332ns (55.036%)  route 2.722ns (44.964%))
  Logic Levels:           3  (CARRY4=2 LUT5=1)
  Clock Path Skew:        -0.062ns (DCD - SCD + CPR)
    Destination Clock Delay (DCD):    1.562ns = ( 11.562 - 10.000 ) 
    Source Clock Delay      (SCD):    1.739ns
    Clock Pessimism Removal (CPR):    0.115ns
  Clock Uncertainty:      0.035ns  ((TSJ^2 + TIJ^2)^1/2 + DJ) / 2 + PE
    Total System Jitter     (TSJ):    0.071ns
    Total Input Jitter      (TIJ):    0.000ns
    Discrete Jitter          (DJ):    0.000ns
    Phase Error              (PE):    0.000ns

    Location             Delay type                Incr(ns)  Path(ns)    Netlist Resource(s)
  -------------------------------------------------------------------    -------------------
                         (clock ap_clk rise edge)     0.000     0.000 r  
                                                      0.000     0.000 r  ap_clk (IN)
                         net (fo=207, unset)          1.739     1.739    floatAdder_AXILiteS_s_axi_U/int_in1_V/ap_clk
    RAMB36_X3Y15         RAMB36E1                                     r  floatAdder_AXILiteS_s_axi_U/int_in1_V/gen_write[1].mem_reg/CLKARDCLK
  -------------------------------------------------------------------    -------------------
    RAMB36_X3Y15         RAMB36E1 (Prop_ramb36e1_CLKARDCLK_DOADO[12])
                                                      2.454     4.193 r  floatAdder_AXILiteS_s_axi_U/int_in1_V/gen_write[1].mem_reg/DOADO[12]
                         net (fo=3, routed)           1.941     6.135    floatAdder_AXILiteS_s_axi_U/int_in1_V/DOADO[12]
    SLICE_X53Y73         LUT5 (Prop_lut5_I1_O)        0.124     6.259 r  floatAdder_AXILiteS_s_axi_U/int_in1_V/gen_write[1].mem_reg_i_21/O
                         net (fo=1, routed)           0.000     6.259    floatAdder_AXILiteS_s_axi_U/int_in1_V/gen_write[1].mem_reg_i_21_n_0
    SLICE_X53Y73         CARRY4 (Prop_carry4_S[0]_CO[3])
                                                      0.532     6.791 r  floatAdder_AXILiteS_s_axi_U/int_in1_V/gen_write[1].mem_reg_i_2/CO[3]
                         net (fo=1, routed)           0.000     6.791    floatAdder_AXILiteS_s_axi_U/int_in1_V/gen_write[1].mem_reg_i_2_n_0
    SLICE_X53Y74         CARRY4 (Prop_carry4_CI_O[0])
                                                      0.222     7.013 r  floatAdder_AXILiteS_s_axi_U/int_in1_V/gen_write[1].mem_reg_i_1/O[0]
                         net (fo=1, routed)           0.781     7.794    floatAdder_AXILiteS_s_axi_U/int_out_V/out_V_d0[16]
    RAMB36_X3Y14         RAMB36E1                                     r  floatAdder_AXILiteS_s_axi_U/int_out_V/gen_write[1].mem_reg/DIADI[16]
  -------------------------------------------------------------------    -------------------

                         (clock ap_clk rise edge)    10.000    10.000 r  
                                                      0.000    10.000 r  ap_clk (IN)
                         net (fo=207, unset)          1.562    11.562    floatAdder_AXILiteS_s_axi_U/int_out_V/ap_clk
    RAMB36_X3Y14         RAMB36E1                                     r  floatAdder_AXILiteS_s_axi_U/int_out_V/gen_write[1].mem_reg/CLKARDCLK
                         clock pessimism              0.115    11.677    
                         clock uncertainty           -0.035    11.642    
    RAMB36_X3Y14         RAMB36E1 (Setup_ramb36e1_CLKARDCLK_DIADI[16])
                                                     -0.416    11.226    floatAdder_AXILiteS_s_axi_U/int_out_V/gen_write[1].mem_reg
  -------------------------------------------------------------------
                         required time                         11.226    
                         arrival time                          -7.794    
  -------------------------------------------------------------------
                         slack                                  3.432    





Min Delay Paths
--------------------------------------------------------------------------------------
Slack (MET) :             0.108ns  (arrival time - required time)
  Source:                 rdata_reg[6]_i_4/C
                            (rising edge-triggered cell FDRE clocked by ap_clk  {rise@0.000ns fall@5.000ns period=10.000ns})
  Destination:            floatAdder_AXILiteS_s_axi_U/rdata_reg[6]/D
                            (rising edge-triggered cell FDRE clocked by ap_clk  {rise@0.000ns fall@5.000ns period=10.000ns})
  Path Group:             ap_clk
  Path Type:              Hold (Min at Fast Process Corner)
  Requirement:            0.000ns  (ap_clk rise@0.000ns - ap_clk rise@0.000ns)
  Data Path Delay:        0.242ns  (logic 0.186ns (76.827%)  route 0.056ns (23.173%))
  Logic Levels:           1  (LUT6=1)
  Clock Path Skew:        0.014ns (DCD - SCD - CPR)
    Destination Clock Delay (DCD):    0.837ns
    Source Clock Delay      (SCD):    0.569ns
    Clock Pessimism Removal (CPR):    0.254ns

    Location             Delay type                Incr(ns)  Path(ns)    Netlist Resource(s)
  -------------------------------------------------------------------    -------------------
                         (clock ap_clk rise edge)     0.000     0.000 r  
                                                      0.000     0.000 r  ap_clk (IN)
                         net (fo=207, unset)          0.569     0.569    ap_clk
    SLICE_X55Y67         FDRE                                         r  rdata_reg[6]_i_4/C
  -------------------------------------------------------------------    -------------------
    SLICE_X55Y67         FDRE (Prop_fdre_C_Q)         0.141     0.710 r  rdata_reg[6]_i_4/Q
                         net (fo=1, routed)           0.056     0.766    floatAdder_AXILiteS_s_axi_U/int_out_V/rdata_reg[6]_i_4
    SLICE_X54Y67         LUT6 (Prop_lut6_I5_O)        0.045     0.811 r  floatAdder_AXILiteS_s_axi_U/int_out_V/rdata[6]_i_1/O
                         net (fo=1, routed)           0.000     0.811    floatAdder_AXILiteS_s_axi_U/int_out_V_n_41
    SLICE_X54Y67         FDRE                                         r  floatAdder_AXILiteS_s_axi_U/rdata_reg[6]/D
  -------------------------------------------------------------------    -------------------

                         (clock ap_clk rise edge)     0.000     0.000 r  
                                                      0.000     0.000 r  ap_clk (IN)
                         net (fo=207, unset)          0.837     0.837    floatAdder_AXILiteS_s_axi_U/ap_clk
    SLICE_X54Y67         FDRE                                         r  floatAdder_AXILiteS_s_axi_U/rdata_reg[6]/C
                         clock pessimism             -0.254     0.583    
    SLICE_X54Y67         FDRE (Hold_fdre_C_D)         0.120     0.703    floatAdder_AXILiteS_s_axi_U/rdata_reg[6]
  -------------------------------------------------------------------
                         required time                         -0.703    
                         arrival time                           0.811    
  -------------------------------------------------------------------
                         slack                                  0.108    





Pulse Width Checks
--------------------------------------------------------------------------------------
Clock Name:         ap_clk
Waveform(ns):       { 0.000 5.000 }
Period(ns):         10.000
Sources:            { ap_clk }

Check Type        Corner  Lib Pin             Reference Pin  Required(ns)  Actual(ns)  Slack(ns)  Location      Pin
Min Period        n/a     RAMB36E1/CLKARDCLK  n/a            2.944         10.000      7.056      RAMB36_X3Y15  floatAdder_AXILiteS_s_axi_U/int_in1_V/gen_write[1].mem_reg/CLKARDCLK
Low Pulse Width   Fast    FDSE/C              n/a            0.500         5.000       4.500      SLICE_X57Y72  ap_CS_fsm_reg[0]/C
High Pulse Width  Fast    FDRE/C              n/a            0.500         5.000       4.500      SLICE_X55Y72  rdata_reg[31]_i_11/C



