#-----------------------------------------------------------
# xsim v2015.4 (64-bit)
# SW Build 1412921 on Wed Nov 18 09:43:45 MST 2015
# IP Build 1412160 on Tue Nov 17 13:47:24 MST 2015
# Start of session at: Mon May 23 12:39:24 2016
# Process ID: 5884
# Current directory: C:/Users/engrm_000/OneDrive/vivado_HLS/complexAdder/simpleSolution/sim/verilog
# Command line: xsim.exe -mode tcl -source {xsim.dir/TopSimple/xsim_script.tcl}
# Log file: C:/Users/engrm_000/OneDrive/vivado_HLS/complexAdder/simpleSolution/sim/verilog/xsim.log
# Journal file: C:/Users/engrm_000/OneDrive/vivado_HLS/complexAdder/simpleSolution/sim/verilog\xsim.jou
#-----------------------------------------------------------
source xsim.dir/TopSimple/xsim_script.tcl
# xsim {TopSimple} -maxdeltaid 10000 -autoloadwcfg -tclbatch {TopSimple.tcl}
Vivado Simulator 2015.4
Time resolution is 1 ps
source TopSimple.tcl
## run all
$finish called at time : 1445 ns : File "C:/Users/engrm_000/OneDrive/vivado_HLS/complexAdder/simpleSolution/sim/verilog/TopSimple.autotb.v" Line 336
## quit
INFO: [Common 17-206] Exiting xsim at Mon May 23 12:39:29 2016...
