Copyright 1986-2015 Xilinx, Inc. All Rights Reserved.
-------------------------------------------------------------------------------------------
| Tool Version : Vivado v.2015.4 (win64) Build 1412921 Wed Nov 18 09:43:45 MST 2015
| Date         : Wed Jun 01 20:00:54 2016
| Host         : Abbas running 64-bit major release  (build 9200)
| Command      : report_timing_summary -file ./report/complexDoubleAdder_timing_routed.rpt
| Design       : complexDoubleAdder
| Device       : 7z020-clg484
| Speed File   : -1  PRODUCTION 1.11 2014-09-11
-------------------------------------------------------------------------------------------

Timing Summary Report

------------------------------------------------------------------------------------------------
| Timer Settings
| --------------
------------------------------------------------------------------------------------------------

  Enable Multi Corner Analysis               :  Yes
  Enable Pessimism Removal                   :  Yes
  Pessimism Removal Resolution               :  Nearest Common Node
  Enable Input Delay Default Clock           :  No
  Enable Preset / Clear Arcs                 :  No
  Disable Flight Delays                      :  No
  Ignore I/O Paths                           :  No
  Timing Early Launch at Borrowing Latches   :  false

  Corner  Analyze    Analyze    
  Name    Max Paths  Min Paths  
  ------  ---------  ---------  
  Slow    Yes        Yes        
  Fast    Yes        Yes        



check_timing report

Table of Contents
-----------------
1. checking no_clock
2. checking constant_clock
3. checking pulse_width_clock
4. checking unconstrained_internal_endpoints
5. checking no_input_delay
6. checking no_output_delay
7. checking multiple_clock
8. checking generated_clocks
9. checking loops
10. checking partial_input_delay
11. checking partial_output_delay
12. checking latch_loops

1. checking no_clock
--------------------
 There are 0 register/latch pins with no clock.


2. checking constant_clock
--------------------------
 There are 0 register/latch pins with constant_clock.


3. checking pulse_width_clock
-----------------------------
 There are 0 register/latch pins which need pulse_width check


4. checking unconstrained_internal_endpoints
--------------------------------------------
 There are 0 pins that are not constrained for maximum delay.

 There are 0 pins that are not constrained for maximum delay due to constant clock.


5. checking no_input_delay
--------------------------
 There are 60 input ports with no input delay specified. (HIGH)

 There are 0 input ports with no input delay but user has a false path constraint.


6. checking no_output_delay
---------------------------
 There are 38 ports with no output delay specified. (HIGH)

 There are 0 ports with no output delay but user has a false path constraint

 There are 0 ports with no output delay but with a timing clock defined on it or propagating through it


7. checking multiple_clock
--------------------------
 There are 0 register/latch pins with multiple clocks.


8. checking generated_clocks
----------------------------
 There are 0 generated clocks that are not connected to a clock source.


9. checking loops
-----------------
 There are 0 combinational loops in the design.


10. checking partial_input_delay
--------------------------------
 There are 0 input ports with partial input delay specified.


11. checking partial_output_delay
---------------------------------
 There are 0 ports with partial output delay specified.


12. checking latch_loops
------------------------
 There are 0 combinational latch loops in the design through latch input



------------------------------------------------------------------------------------------------
| Design Timing Summary
| ---------------------
------------------------------------------------------------------------------------------------

    WNS(ns)      TNS(ns)  TNS Failing Endpoints  TNS Total Endpoints      WHS(ns)      THS(ns)  THS Failing Endpoints  THS Total Endpoints     WPWS(ns)     TPWS(ns)  TPWS Failing Endpoints  TPWS Total Endpoints  
    -------      -------  ---------------------  -------------------      -------      -------  ---------------------  -------------------     --------     --------  ----------------------  --------------------  
      0.439        0.000                      0                 3562        0.024        0.000                      0                 3562        4.020        0.000                       0                  1942  


All user specified timing constraints are met.


------------------------------------------------------------------------------------------------
| Clock Summary
| -------------
------------------------------------------------------------------------------------------------

Clock   Waveform(ns)       Period(ns)      Frequency(MHz)
-----   ------------       ----------      --------------
ap_clk  {0.000 5.000}      10.000          100.000         


------------------------------------------------------------------------------------------------
| Intra Clock Table
| -----------------
------------------------------------------------------------------------------------------------

Clock             WNS(ns)      TNS(ns)  TNS Failing Endpoints  TNS Total Endpoints      WHS(ns)      THS(ns)  THS Failing Endpoints  THS Total Endpoints     WPWS(ns)     TPWS(ns)  TPWS Failing Endpoints  TPWS Total Endpoints  
-----             -------      -------  ---------------------  -------------------      -------      -------  ---------------------  -------------------     --------     --------  ----------------------  --------------------  
ap_clk              0.439        0.000                      0                 3562        0.024        0.000                      0                 3562        4.020        0.000                       0                  1942  


------------------------------------------------------------------------------------------------
| Inter Clock Table
| -----------------
------------------------------------------------------------------------------------------------

From Clock    To Clock          WNS(ns)      TNS(ns)  TNS Failing Endpoints  TNS Total Endpoints      WHS(ns)      THS(ns)  THS Failing Endpoints  THS Total Endpoints  
----------    --------          -------      -------  ---------------------  -------------------      -------      -------  ---------------------  -------------------  


------------------------------------------------------------------------------------------------
| Other Path Groups Table
| -----------------------
------------------------------------------------------------------------------------------------

Path Group    From Clock    To Clock          WNS(ns)      TNS(ns)  TNS Failing Endpoints  TNS Total Endpoints      WHS(ns)      THS(ns)  THS Failing Endpoints  THS Total Endpoints  
----------    ----------    --------          -------      -------  ---------------------  -------------------      -------      -------  ---------------------  -------------------  


------------------------------------------------------------------------------------------------
| Timing Details
| --------------
------------------------------------------------------------------------------------------------


---------------------------------------------------------------------------------------------------
From Clock:  ap_clk
  To Clock:  ap_clk

Setup :            0  Failing Endpoints,  Worst Slack        0.439ns,  Total Violation        0.000ns
Hold  :            0  Failing Endpoints,  Worst Slack        0.024ns,  Total Violation        0.000ns
PW    :            0  Failing Endpoints,  Worst Slack        4.020ns,  Total Violation        0.000ns
---------------------------------------------------------------------------------------------------


Max Delay Paths
--------------------------------------------------------------------------------------
Slack (MET) :             0.439ns  (required time - arrival time)
  Source:                 complexDoubleAdder_dadd_64ns_64ns_64_5_full_dsp_U1/complexDoubleAdder_ap_dadd_3_full_dsp_64_u/U0/i_synth/ADDSUB_OP.ADDSUB/SPEED_OP.LOGIC.OP/ALIGN_BLK/FRAC_ADDSUB/DSP_ADD.FRAC_ADDSUB/DSP48E1_ADD.DSP48E1_ADD/DSP/CLK
                            (rising edge-triggered cell DSP48E1 clocked by ap_clk  {rise@0.000ns fall@5.000ns period=10.000ns})
  Destination:            complexDoubleAdder_dadd_64ns_64ns_64_5_full_dsp_U1/complexDoubleAdder_ap_dadd_3_full_dsp_64_u/U0/i_synth/ADDSUB_OP.ADDSUB/SPEED_OP.LOGIC.OP/NORM/NORM_SHIFT/MUX_LOOP[2].DEL_SHIFT/i_pipe/opt_has_pipe.first_q_reg[30]/D
                            (rising edge-triggered cell FDRE clocked by ap_clk  {rise@0.000ns fall@5.000ns period=10.000ns})
  Path Group:             ap_clk
  Path Type:              Setup (Max at Slow Process Corner)
  Requirement:            10.000ns  (ap_clk rise@10.000ns - ap_clk rise@0.000ns)
  Data Path Delay:        9.405ns  (logic 2.896ns (30.792%)  route 6.509ns (69.208%))
  Logic Levels:           9  (CARRY4=2 LUT3=3 LUT5=1 LUT6=3)
  Clock Path Skew:        -0.150ns (DCD - SCD + CPR)
    Destination Clock Delay (DCD):    1.493ns = ( 11.493 - 10.000 ) 
    Source Clock Delay      (SCD):    1.758ns
    Clock Pessimism Removal (CPR):    0.115ns
  Clock Uncertainty:      0.035ns  ((TSJ^2 + TIJ^2)^1/2 + DJ) / 2 + PE
    Total System Jitter     (TSJ):    0.071ns
    Total Input Jitter      (TIJ):    0.000ns
    Discrete Jitter          (DJ):    0.000ns
    Phase Error              (PE):    0.000ns

    Location             Delay type                Incr(ns)  Path(ns)    Netlist Resource(s)
  -------------------------------------------------------------------    -------------------
                         (clock ap_clk rise edge)     0.000     0.000 r  
                                                      0.000     0.000 r  ap_clk (IN)
                         net (fo=1945, unset)         1.758     1.758    complexDoubleAdder_dadd_64ns_64ns_64_5_full_dsp_U1/complexDoubleAdder_ap_dadd_3_full_dsp_64_u/U0/i_synth/ADDSUB_OP.ADDSUB/SPEED_OP.LOGIC.OP/ALIGN_BLK/FRAC_ADDSUB/DSP_ADD.FRAC_ADDSUB/DSP48E1_ADD.DSP48E1_ADD/aclk
    DSP48_X2Y3           DSP48E1                                      r  complexDoubleAdder_dadd_64ns_64ns_64_5_full_dsp_U1/complexDoubleAdder_ap_dadd_3_full_dsp_64_u/U0/i_synth/ADDSUB_OP.ADDSUB/SPEED_OP.LOGIC.OP/ALIGN_BLK/FRAC_ADDSUB/DSP_ADD.FRAC_ADDSUB/DSP48E1_ADD.DSP48E1_ADD/DSP/CLK
  -------------------------------------------------------------------    -------------------
    DSP48_X2Y3           DSP48E1 (Prop_dsp48e1_CLK_P[47])
                                                      0.434     2.192 r  complexDoubleAdder_dadd_64ns_64ns_64_5_full_dsp_U1/complexDoubleAdder_ap_dadd_3_full_dsp_64_u/U0/i_synth/ADDSUB_OP.ADDSUB/SPEED_OP.LOGIC.OP/ALIGN_BLK/FRAC_ADDSUB/DSP_ADD.FRAC_ADDSUB/DSP48E1_ADD.DSP48E1_ADD/DSP/P[47]
                         net (fo=14, routed)          1.284     3.476    complexDoubleAdder_dadd_64ns_64ns_64_5_full_dsp_U1/complexDoubleAdder_ap_dadd_3_full_dsp_64_u/U0/i_synth/ADDSUB_OP.ADDSUB/SPEED_OP.LOGIC.OP/ALIGN_BLK/FRAC_ADDSUB/DSP_ADD.FRAC_ADDSUB/sum_dsp_op[47]
    SLICE_X39Y8          LUT3 (Prop_lut3_I2_O)        0.152     3.628 f  complexDoubleAdder_dadd_64ns_64ns_64_5_full_dsp_U1/complexDoubleAdder_ap_dadd_3_full_dsp_64_u/U0/i_synth/ADDSUB_OP.ADDSUB/SPEED_OP.LOGIC.OP/ALIGN_BLK/FRAC_ADDSUB/DSP_ADD.FRAC_ADDSUB/CHAIN_GEN[1].C_MUX.CARRY_MUX_i_4/O
                         net (fo=4, routed)           0.835     4.462    complexDoubleAdder_dadd_64ns_64ns_64_5_full_dsp_U1/complexDoubleAdder_ap_dadd_3_full_dsp_64_u/U0/i_synth/ADDSUB_OP.ADDSUB/SPEED_OP.LOGIC.OP/ALIGN_BLK/FRAC_ADDSUB/DSP_ADD.FRAC_ADDSUB/LOGIC_ADD.ADD_1/Q_DEL/i_pipe/opt_has_pipe.first_q_reg[7]_0[0]
    SLICE_X36Y8          LUT6 (Prop_lut6_I5_O)        0.332     4.794 r  complexDoubleAdder_dadd_64ns_64ns_64_5_full_dsp_U1/complexDoubleAdder_ap_dadd_3_full_dsp_64_u/U0/i_synth/ADDSUB_OP.ADDSUB/SPEED_OP.LOGIC.OP/ALIGN_BLK/FRAC_ADDSUB/DSP_ADD.FRAC_ADDSUB/LOGIC_ADD.ADD_1/Q_DEL/i_pipe/CHAIN_GEN[1].C_MUX.CARRY_MUX_i_1__0/O
                         net (fo=1, routed)           0.000     4.794    complexDoubleAdder_dadd_64ns_64ns_64_5_full_dsp_U1/complexDoubleAdder_ap_dadd_3_full_dsp_64_u/U0/i_synth/ADDSUB_OP.ADDSUB/SPEED_OP.LOGIC.OP/NORM/LZE/ZERO_DET_CC_1/chunk_is_zero[1]
    SLICE_X36Y8          CARRY4 (Prop_carry4_S[1]_CO[3])
                                                      0.533     5.327 r  complexDoubleAdder_dadd_64ns_64ns_64_5_full_dsp_U1/complexDoubleAdder_ap_dadd_3_full_dsp_64_u/U0/i_synth/ADDSUB_OP.ADDSUB/SPEED_OP.LOGIC.OP/NORM/LZE/ZERO_DET_CC_1/CHAIN_GEN[0].C_MUX.CARRY_MUX_CARRY4/CO[3]
                         net (fo=57, routed)          0.000     5.327    complexDoubleAdder_dadd_64ns_64ns_64_5_full_dsp_U1/complexDoubleAdder_ap_dadd_3_full_dsp_64_u/U0/i_synth/ADDSUB_OP.ADDSUB/SPEED_OP.LOGIC.OP/NORM/LZE/ZERO_DET_CC_1/CARRYS_OUT[0]
    SLICE_X36Y9          CARRY4 (Prop_carry4_CI_CO[1])
                                                      0.157     5.484 r  complexDoubleAdder_dadd_64ns_64ns_64_5_full_dsp_U1/complexDoubleAdder_ap_dadd_3_full_dsp_64_u/U0/i_synth/ADDSUB_OP.ADDSUB/SPEED_OP.LOGIC.OP/NORM/LZE/ZERO_DET_CC_1/CHAIN_GEN[4].C_MUX.CARRY_MUX_CARRY4/CO[1]
                         net (fo=1, routed)           0.810     6.294    complexDoubleAdder_dadd_64ns_64ns_64_5_full_dsp_U1/complexDoubleAdder_ap_dadd_3_full_dsp_64_u/U0/i_synth/ADDSUB_OP.ADDSUB/SPEED_OP.LOGIC.OP/NORM/LZE/ZERO_DET_CC_1/c_int[5]
    SLICE_X37Y8          LUT3 (Prop_lut3_I0_O)        0.360     6.654 r  complexDoubleAdder_dadd_64ns_64ns_64_5_full_dsp_U1/complexDoubleAdder_ap_dadd_3_full_dsp_64_u/U0/i_synth/ADDSUB_OP.ADDSUB/SPEED_OP.LOGIC.OP/NORM/LZE/ZERO_DET_CC_1/opt_has_pipe.first_q[1]_i_3__0/O
                         net (fo=5, routed)           0.792     7.446    complexDoubleAdder_dadd_64ns_64ns_64_5_full_dsp_U1/complexDoubleAdder_ap_dadd_3_full_dsp_64_u/U0/i_synth/ADDSUB_OP.ADDSUB/SPEED_OP.LOGIC.OP/NORM/LZE/ZERO_DET_CC_2.CC/DSP_0
    SLICE_X37Y7          LUT5 (Prop_lut5_I4_O)        0.326     7.772 r  complexDoubleAdder_dadd_64ns_64ns_64_5_full_dsp_U1/complexDoubleAdder_ap_dadd_3_full_dsp_64_u/U0/i_synth/ADDSUB_OP.ADDSUB/SPEED_OP.LOGIC.OP/NORM/LZE/ZERO_DET_CC_2.CC/opt_has_pipe.first_q[0]_i_1__1/O
                         net (fo=90, routed)          0.902     8.674    complexDoubleAdder_dadd_64ns_64ns_64_5_full_dsp_U1/complexDoubleAdder_ap_dadd_3_full_dsp_64_u/U0/i_synth/ADDSUB_OP.ADDSUB/SPEED_OP.LOGIC.OP/ALIGN_BLK/FRAC_ADDSUB/DSP_ADD.FRAC_ADDSUB/DSP48E1_ADD.DSP48E1_ADD/DSP_2[1]
    SLICE_X31Y9          LUT6 (Prop_lut6_I3_O)        0.124     8.798 r  complexDoubleAdder_dadd_64ns_64ns_64_5_full_dsp_U1/complexDoubleAdder_ap_dadd_3_full_dsp_64_u/U0/i_synth/ADDSUB_OP.ADDSUB/SPEED_OP.LOGIC.OP/ALIGN_BLK/FRAC_ADDSUB/DSP_ADD.FRAC_ADDSUB/DSP48E1_ADD.DSP48E1_ADD/opt_has_pipe.first_q[37]_i_7/O
                         net (fo=2, routed)           0.995     9.793    complexDoubleAdder_dadd_64ns_64ns_64_5_full_dsp_U1/complexDoubleAdder_ap_dadd_3_full_dsp_64_u/U0/i_synth/ADDSUB_OP.ADDSUB/SPEED_OP.LOGIC.OP/ALIGN_BLK/FRAC_ADDSUB/DSP_ADD.FRAC_ADDSUB/DSP48E1_ADD.DSP48E1_ADD/opt_has_pipe.first_q_reg[32]_0
    SLICE_X31Y10         LUT3 (Prop_lut3_I0_O)        0.152     9.945 r  complexDoubleAdder_dadd_64ns_64ns_64_5_full_dsp_U1/complexDoubleAdder_ap_dadd_3_full_dsp_64_u/U0/i_synth/ADDSUB_OP.ADDSUB/SPEED_OP.LOGIC.OP/ALIGN_BLK/FRAC_ADDSUB/DSP_ADD.FRAC_ADDSUB/DSP48E1_ADD.DSP48E1_ADD/opt_has_pipe.first_q[33]_i_2/O
                         net (fo=4, routed)           0.891    10.837    complexDoubleAdder_dadd_64ns_64ns_64_5_full_dsp_U1/complexDoubleAdder_ap_dadd_3_full_dsp_64_u/U0/i_synth/ADDSUB_OP.ADDSUB/SPEED_OP.LOGIC.OP/ALIGN_BLK/FRAC_ADDSUB/DSP_ADD.FRAC_ADDSUB/DSP48E1_ADD.DSP48E1_ADD/opt_has_pipe.first_q[33]_i_2_n_0
    SLICE_X33Y10         LUT6 (Prop_lut6_I0_O)        0.326    11.163 r  complexDoubleAdder_dadd_64ns_64ns_64_5_full_dsp_U1/complexDoubleAdder_ap_dadd_3_full_dsp_64_u/U0/i_synth/ADDSUB_OP.ADDSUB/SPEED_OP.LOGIC.OP/ALIGN_BLK/FRAC_ADDSUB/DSP_ADD.FRAC_ADDSUB/DSP48E1_ADD.DSP48E1_ADD/opt_has_pipe.first_q[30]_i_1/O
                         net (fo=1, routed)           0.000    11.163    complexDoubleAdder_dadd_64ns_64ns_64_5_full_dsp_U1/complexDoubleAdder_ap_dadd_3_full_dsp_64_u/U0/i_synth/ADDSUB_OP.ADDSUB/SPEED_OP.LOGIC.OP/NORM/NORM_SHIFT/MUX_LOOP[2].DEL_SHIFT/i_pipe/D[30]
    SLICE_X33Y10         FDRE                                         r  complexDoubleAdder_dadd_64ns_64ns_64_5_full_dsp_U1/complexDoubleAdder_ap_dadd_3_full_dsp_64_u/U0/i_synth/ADDSUB_OP.ADDSUB/SPEED_OP.LOGIC.OP/NORM/NORM_SHIFT/MUX_LOOP[2].DEL_SHIFT/i_pipe/opt_has_pipe.first_q_reg[30]/D
  -------------------------------------------------------------------    -------------------

                         (clock ap_clk rise edge)    10.000    10.000 r  
                                                      0.000    10.000 r  ap_clk (IN)
                         net (fo=1945, unset)         1.493    11.493    complexDoubleAdder_dadd_64ns_64ns_64_5_full_dsp_U1/complexDoubleAdder_ap_dadd_3_full_dsp_64_u/U0/i_synth/ADDSUB_OP.ADDSUB/SPEED_OP.LOGIC.OP/NORM/NORM_SHIFT/MUX_LOOP[2].DEL_SHIFT/i_pipe/aclk
    SLICE_X33Y10         FDRE                                         r  complexDoubleAdder_dadd_64ns_64ns_64_5_full_dsp_U1/complexDoubleAdder_ap_dadd_3_full_dsp_64_u/U0/i_synth/ADDSUB_OP.ADDSUB/SPEED_OP.LOGIC.OP/NORM/NORM_SHIFT/MUX_LOOP[2].DEL_SHIFT/i_pipe/opt_has_pipe.first_q_reg[30]/C
                         clock pessimism              0.115    11.608    
                         clock uncertainty           -0.035    11.573    
    SLICE_X33Y10         FDRE (Setup_fdre_C_D)        0.029    11.602    complexDoubleAdder_dadd_64ns_64ns_64_5_full_dsp_U1/complexDoubleAdder_ap_dadd_3_full_dsp_64_u/U0/i_synth/ADDSUB_OP.ADDSUB/SPEED_OP.LOGIC.OP/NORM/NORM_SHIFT/MUX_LOOP[2].DEL_SHIFT/i_pipe/opt_has_pipe.first_q_reg[30]
  -------------------------------------------------------------------
                         required time                         11.602    
                         arrival time                         -11.163    
  -------------------------------------------------------------------
                         slack                                  0.439    





Min Delay Paths
--------------------------------------------------------------------------------------
Slack (MET) :             0.024ns  (arrival time - required time)
  Source:                 in1_M_imag_load_reg_209_reg[32]/C
                            (rising edge-triggered cell FDRE clocked by ap_clk  {rise@0.000ns fall@5.000ns period=10.000ns})
  Destination:            complexDoubleAdder_dadd_64ns_64ns_64_5_full_dsp_U1/din0_buf1_reg[32]/D
                            (rising edge-triggered cell FDRE clocked by ap_clk  {rise@0.000ns fall@5.000ns period=10.000ns})
  Path Group:             ap_clk
  Path Type:              Hold (Min at Fast Process Corner)
  Requirement:            0.000ns  (ap_clk rise@0.000ns - ap_clk rise@0.000ns)
  Data Path Delay:        0.307ns  (logic 0.148ns (48.208%)  route 0.159ns (51.792%))
  Logic Levels:           0  
  Clock Path Skew:        0.266ns (DCD - SCD - CPR)
    Destination Clock Delay (DCD):    0.828ns
    Source Clock Delay      (SCD):    0.557ns
    Clock Pessimism Removal (CPR):    0.005ns

    Location             Delay type                Incr(ns)  Path(ns)    Netlist Resource(s)
  -------------------------------------------------------------------    -------------------
                         (clock ap_clk rise edge)     0.000     0.000 r  
                                                      0.000     0.000 r  ap_clk (IN)
                         net (fo=1945, unset)         0.557     0.557    ap_clk
    SLICE_X50Y5          FDRE                                         r  in1_M_imag_load_reg_209_reg[32]/C
  -------------------------------------------------------------------    -------------------
    SLICE_X50Y5          FDRE (Prop_fdre_C_Q)         0.148     0.705 r  in1_M_imag_load_reg_209_reg[32]/Q
                         net (fo=1, routed)           0.159     0.864    complexDoubleAdder_dadd_64ns_64ns_64_5_full_dsp_U1/Q[32]
    SLICE_X49Y5          FDRE                                         r  complexDoubleAdder_dadd_64ns_64ns_64_5_full_dsp_U1/din0_buf1_reg[32]/D
  -------------------------------------------------------------------    -------------------

                         (clock ap_clk rise edge)     0.000     0.000 r  
                                                      0.000     0.000 r  ap_clk (IN)
                         net (fo=1945, unset)         0.828     0.828    complexDoubleAdder_dadd_64ns_64ns_64_5_full_dsp_U1/ap_clk
    SLICE_X49Y5          FDRE                                         r  complexDoubleAdder_dadd_64ns_64ns_64_5_full_dsp_U1/din0_buf1_reg[32]/C
                         clock pessimism             -0.005     0.823    
    SLICE_X49Y5          FDRE (Hold_fdre_C_D)         0.017     0.840    complexDoubleAdder_dadd_64ns_64ns_64_5_full_dsp_U1/din0_buf1_reg[32]
  -------------------------------------------------------------------
                         required time                         -0.840    
                         arrival time                           0.864    
  -------------------------------------------------------------------
                         slack                                  0.024    





Pulse Width Checks
--------------------------------------------------------------------------------------
Clock Name:         ap_clk
Waveform(ns):       { 0.000 5.000 }
Period(ns):         10.000
Sources:            { ap_clk }

Check Type        Corner  Lib Pin             Reference Pin  Required(ns)  Actual(ns)  Slack(ns)  Location      Pin
Min Period        n/a     RAMB36E1/CLKARDCLK  n/a            2.944         10.000      7.056      RAMB36_X3Y1   complexDoubleAdder_AXILiteS_s_axi_U/int_in1_M_imag/gen_write[1].mem_reg_0/CLKARDCLK
Low Pulse Width   Fast    SRL16E/CLK          n/a            0.980         5.000       4.020      SLICE_X54Y13  ap_reg_ppstg_exitcond_reg_169_pp0_it4_reg[0]_srl3/CLK
High Pulse Width  Slow    SRL16E/CLK          n/a            0.980         5.000       4.020      SLICE_X54Y6   ap_reg_ppiten_pp0_it4_reg_srl3___ap_reg_ppiten_pp0_it4_reg_r/CLK



