#-----------------------------------------------------------
# xsim v2015.4 (64-bit)
# SW Build 1412921 on Wed Nov 18 09:43:45 MST 2015
# IP Build 1412160 on Tue Nov 17 13:47:24 MST 2015
# Start of session at: Wed Jun 01 19:49:32 2016
# Process ID: 6916
# Current directory: C:/Users/engrm_000/OneDrive/vivado_HLS/complexAdder/compleDoubleAdder/sim/vhdl
# Command line: xsim.exe -mode tcl -source {xsim.dir/complexDoubleAdder/xsim_script.tcl}
# Log file: C:/Users/engrm_000/OneDrive/vivado_HLS/complexAdder/compleDoubleAdder/sim/vhdl/xsim.log
# Journal file: C:/Users/engrm_000/OneDrive/vivado_HLS/complexAdder/compleDoubleAdder/sim/vhdl\xsim.jou
#-----------------------------------------------------------
source xsim.dir/complexDoubleAdder/xsim_script.tcl
# xsim {complexDoubleAdder} -maxdeltaid 10000 -autoloadwcfg -tclbatch {complexDoubleAdder.tcl}
Vivado Simulator 2015.4
Time resolution is 1 ps
source complexDoubleAdder.tcl
## run all
Note: simulation done!
Time: 7425 ns  Iteration: 1  Process: /apatb_complexDoubleAdder_top/generate_sim_done_proc  File: C:/Users/engrm_000/OneDrive/vivado_HLS/complexAdder/compleDoubleAdder/sim/vhdl/complexDoubleAdder.autotb.vhd
Failure: NORMAL EXIT (note: failure is to force the simulator to stop)
Time: 7425 ns  Iteration: 1  Process: /apatb_complexDoubleAdder_top/generate_sim_done_proc  File: C:/Users/engrm_000/OneDrive/vivado_HLS/complexAdder/compleDoubleAdder/sim/vhdl/complexDoubleAdder.autotb.vhd
$finish called at time : 7425 ns
## quit
INFO: [Common 17-206] Exiting xsim at Wed Jun 01 19:49:38 2016...
