Copyright 1986-2015 Xilinx, Inc. All Rights Reserved.
---------------------------------------------------------------------------------------
| Tool Version : Vivado v.2015.4 (win64) Build 1412921 Wed Nov 18 09:43:45 MST 2015
| Date         : Fri Jun 10 00:18:21 2016
| Host         : Abbas running 64-bit major release  (build 9200)
| Command      : report_timing_summary -file ./report/complex2DAdder_timing_routed.rpt
| Design       : complex2DAdder
| Device       : 7z020-clg484
| Speed File   : -1  PRODUCTION 1.11 2014-09-11
---------------------------------------------------------------------------------------

Timing Summary Report

------------------------------------------------------------------------------------------------
| Timer Settings
| --------------
------------------------------------------------------------------------------------------------

  Enable Multi Corner Analysis               :  Yes
  Enable Pessimism Removal                   :  Yes
  Pessimism Removal Resolution               :  Nearest Common Node
  Enable Input Delay Default Clock           :  No
  Enable Preset / Clear Arcs                 :  No
  Disable Flight Delays                      :  No
  Ignore I/O Paths                           :  No
  Timing Early Launch at Borrowing Latches   :  false

  Corner  Analyze    Analyze    
  Name    Max Paths  Min Paths  
  ------  ---------  ---------  
  Slow    Yes        Yes        
  Fast    Yes        Yes        



check_timing report

Table of Contents
-----------------
1. checking no_clock
2. checking constant_clock
3. checking pulse_width_clock
4. checking unconstrained_internal_endpoints
5. checking no_input_delay
6. checking no_output_delay
7. checking multiple_clock
8. checking generated_clocks
9. checking loops
10. checking partial_input_delay
11. checking partial_output_delay
12. checking latch_loops

1. checking no_clock
--------------------
 There are 0 register/latch pins with no clock.


2. checking constant_clock
--------------------------
 There are 0 register/latch pins with constant_clock.


3. checking pulse_width_clock
-----------------------------
 There are 0 register/latch pins which need pulse_width check


4. checking unconstrained_internal_endpoints
--------------------------------------------
 There are 0 pins that are not constrained for maximum delay.

 There are 0 pins that are not constrained for maximum delay due to constant clock.


5. checking no_input_delay
--------------------------
 There are 60 input ports with no input delay specified. (HIGH)

 There are 0 input ports with no input delay but user has a false path constraint.


6. checking no_output_delay
---------------------------
 There are 104 ports with no output delay specified. (HIGH)

 There are 0 ports with no output delay but user has a false path constraint

 There are 0 ports with no output delay but with a timing clock defined on it or propagating through it


7. checking multiple_clock
--------------------------
 There are 0 register/latch pins with multiple clocks.


8. checking generated_clocks
----------------------------
 There are 0 generated clocks that are not connected to a clock source.


9. checking loops
-----------------
 There are 0 combinational loops in the design.


10. checking partial_input_delay
--------------------------------
 There are 0 input ports with partial input delay specified.


11. checking partial_output_delay
---------------------------------
 There are 0 ports with partial output delay specified.


12. checking latch_loops
------------------------
 There are 0 combinational latch loops in the design through latch input



------------------------------------------------------------------------------------------------
| Design Timing Summary
| ---------------------
------------------------------------------------------------------------------------------------

    WNS(ns)      TNS(ns)  TNS Failing Endpoints  TNS Total Endpoints      WHS(ns)      THS(ns)  THS Failing Endpoints  THS Total Endpoints     WPWS(ns)     TPWS(ns)  TPWS Failing Endpoints  TPWS Total Endpoints  
    -------      -------  ---------------------  -------------------      -------      -------  ---------------------  -------------------     --------     --------  ----------------------  --------------------  
      4.172        0.000                      0                  674        0.128        0.000                      0                  674        4.500        0.000                       0                   340  


All user specified timing constraints are met.


------------------------------------------------------------------------------------------------
| Clock Summary
| -------------
------------------------------------------------------------------------------------------------

Clock   Waveform(ns)       Period(ns)      Frequency(MHz)
-----   ------------       ----------      --------------
ap_clk  {0.000 5.000}      10.000          100.000         


------------------------------------------------------------------------------------------------
| Intra Clock Table
| -----------------
------------------------------------------------------------------------------------------------

Clock             WNS(ns)      TNS(ns)  TNS Failing Endpoints  TNS Total Endpoints      WHS(ns)      THS(ns)  THS Failing Endpoints  THS Total Endpoints     WPWS(ns)     TPWS(ns)  TPWS Failing Endpoints  TPWS Total Endpoints  
-----             -------      -------  ---------------------  -------------------      -------      -------  ---------------------  -------------------     --------     --------  ----------------------  --------------------  
ap_clk              4.172        0.000                      0                  674        0.128        0.000                      0                  674        4.500        0.000                       0                   340  


------------------------------------------------------------------------------------------------
| Inter Clock Table
| -----------------
------------------------------------------------------------------------------------------------

From Clock    To Clock          WNS(ns)      TNS(ns)  TNS Failing Endpoints  TNS Total Endpoints      WHS(ns)      THS(ns)  THS Failing Endpoints  THS Total Endpoints  
----------    --------          -------      -------  ---------------------  -------------------      -------      -------  ---------------------  -------------------  


------------------------------------------------------------------------------------------------
| Other Path Groups Table
| -----------------------
------------------------------------------------------------------------------------------------

Path Group    From Clock    To Clock          WNS(ns)      TNS(ns)  TNS Failing Endpoints  TNS Total Endpoints      WHS(ns)      THS(ns)  THS Failing Endpoints  THS Total Endpoints  
----------    ----------    --------          -------      -------  ---------------------  -------------------      -------      -------  ---------------------  -------------------  


------------------------------------------------------------------------------------------------
| Timing Details
| --------------
------------------------------------------------------------------------------------------------


---------------------------------------------------------------------------------------------------
From Clock:  ap_clk
  To Clock:  ap_clk

Setup :            0  Failing Endpoints,  Worst Slack        4.172ns,  Total Violation        0.000ns
Hold  :            0  Failing Endpoints,  Worst Slack        0.128ns,  Total Violation        0.000ns
PW    :            0  Failing Endpoints,  Worst Slack        4.500ns,  Total Violation        0.000ns
---------------------------------------------------------------------------------------------------


Max Delay Paths
--------------------------------------------------------------------------------------
Slack (MET) :             4.172ns  (required time - arrival time)
  Source:                 complex2DAdder_AXILiteS_s_axi_U/int_in2_M_imag_V/gen_write[1].mem_reg/CLKBWRCLK
                            (rising edge-triggered cell RAMB36E1 clocked by ap_clk  {rise@0.000ns fall@5.000ns period=10.000ns})
  Destination:            complex2DAdder_AXILiteS_s_axi_U/rdata_data_reg[5]/D
                            (rising edge-triggered cell FDRE clocked by ap_clk  {rise@0.000ns fall@5.000ns period=10.000ns})
  Path Group:             ap_clk
  Path Type:              Setup (Max at Slow Process Corner)
  Requirement:            10.000ns  (ap_clk rise@10.000ns - ap_clk rise@0.000ns)
  Data Path Delay:        5.727ns  (logic 3.062ns (53.465%)  route 2.665ns (46.535%))
  Logic Levels:           3  (LUT3=1 LUT6=2)
  Clock Path Skew:        -0.096ns (DCD - SCD + CPR)
    Destination Clock Delay (DCD):    1.524ns = ( 11.524 - 10.000 ) 
    Source Clock Delay      (SCD):    1.735ns
    Clock Pessimism Removal (CPR):    0.115ns
  Clock Uncertainty:      0.035ns  ((TSJ^2 + TIJ^2)^1/2 + DJ) / 2 + PE
    Total System Jitter     (TSJ):    0.071ns
    Total Input Jitter      (TIJ):    0.000ns
    Discrete Jitter          (DJ):    0.000ns
    Phase Error              (PE):    0.000ns

    Location             Delay type                Incr(ns)  Path(ns)    Netlist Resource(s)
  -------------------------------------------------------------------    -------------------
                         (clock ap_clk rise edge)     0.000     0.000 r  
                                                      0.000     0.000 r  ap_clk (IN)
                         net (fo=339, unset)          1.735     1.735    complex2DAdder_AXILiteS_s_axi_U/int_in2_M_imag_V/ap_clk
    RAMB36_X3Y15         RAMB36E1                                     r  complex2DAdder_AXILiteS_s_axi_U/int_in2_M_imag_V/gen_write[1].mem_reg/CLKBWRCLK
  -------------------------------------------------------------------    -------------------
    RAMB36_X3Y15         RAMB36E1 (Prop_ramb36e1_CLKBWRCLK_DOBDO[5])
                                                      2.454     4.189 r  complex2DAdder_AXILiteS_s_axi_U/int_in2_M_imag_V/gen_write[1].mem_reg/DOBDO[5]
                         net (fo=2, routed)           1.686     5.875    complex2DAdder_AXILiteS_s_axi_U/int_in2_M_imag_V/rdata_data_reg[31]_i_21[5]
    SLICE_X55Y71         LUT3 (Prop_lut3_I0_O)        0.152     6.027 r  complex2DAdder_AXILiteS_s_axi_U/int_in2_M_imag_V/rdata_data[5]_i_7/O
                         net (fo=1, routed)           0.312     6.340    complex2DAdder_AXILiteS_s_axi_U/int_in1_M_real_V/int_in2_M_imag_V_q1[5]
    SLICE_X56Y71         LUT6 (Prop_lut6_I4_O)        0.332     6.672 r  complex2DAdder_AXILiteS_s_axi_U/int_in1_M_real_V/rdata_data[5]_i_4/O
                         net (fo=1, routed)           0.667     7.339    complex2DAdder_AXILiteS_s_axi_U/int_in2_M_real_V/gen_write[1].mem_reg_2
    SLICE_X56Y71         LUT6 (Prop_lut6_I5_O)        0.124     7.463 r  complex2DAdder_AXILiteS_s_axi_U/int_in2_M_real_V/rdata_data[5]_i_1/O
                         net (fo=1, routed)           0.000     7.463    complex2DAdder_AXILiteS_s_axi_U/int_in2_M_real_V_n_90
    SLICE_X56Y71         FDRE                                         r  complex2DAdder_AXILiteS_s_axi_U/rdata_data_reg[5]/D
  -------------------------------------------------------------------    -------------------

                         (clock ap_clk rise edge)    10.000    10.000 r  
                                                      0.000    10.000 r  ap_clk (IN)
                         net (fo=339, unset)          1.524    11.524    complex2DAdder_AXILiteS_s_axi_U/ap_clk
    SLICE_X56Y71         FDRE                                         r  complex2DAdder_AXILiteS_s_axi_U/rdata_data_reg[5]/C
                         clock pessimism              0.115    11.639    
                         clock uncertainty           -0.035    11.604    
    SLICE_X56Y71         FDRE (Setup_fdre_C_D)        0.031    11.635    complex2DAdder_AXILiteS_s_axi_U/rdata_data_reg[5]
  -------------------------------------------------------------------
                         required time                         11.635    
                         arrival time                          -7.463    
  -------------------------------------------------------------------
                         slack                                  4.172    





Min Delay Paths
--------------------------------------------------------------------------------------
Slack (MET) :             0.128ns  (arrival time - required time)
  Source:                 complex2DAdder_AXILiteS_s_axi_U/waddr_reg[3]/C
                            (rising edge-triggered cell FDRE clocked by ap_clk  {rise@0.000ns fall@5.000ns period=10.000ns})
  Destination:            complex2DAdder_AXILiteS_s_axi_U/int_auto_restart_reg/D
                            (rising edge-triggered cell FDRE clocked by ap_clk  {rise@0.000ns fall@5.000ns period=10.000ns})
  Path Group:             ap_clk
  Path Type:              Hold (Min at Fast Process Corner)
  Requirement:            0.000ns  (ap_clk rise@0.000ns - ap_clk rise@0.000ns)
  Data Path Delay:        0.263ns  (logic 0.186ns (70.686%)  route 0.077ns (29.314%))
  Logic Levels:           1  (LUT5=1)
  Clock Path Skew:        0.014ns (DCD - SCD - CPR)
    Destination Clock Delay (DCD):    0.838ns
    Source Clock Delay      (SCD):    0.570ns
    Clock Pessimism Removal (CPR):    0.254ns

    Location             Delay type                Incr(ns)  Path(ns)    Netlist Resource(s)
  -------------------------------------------------------------------    -------------------
                         (clock ap_clk rise edge)     0.000     0.000 r  
                                                      0.000     0.000 r  ap_clk (IN)
                         net (fo=339, unset)          0.570     0.570    complex2DAdder_AXILiteS_s_axi_U/ap_clk
    SLICE_X63Y69         FDRE                                         r  complex2DAdder_AXILiteS_s_axi_U/waddr_reg[3]/C
  -------------------------------------------------------------------    -------------------
    SLICE_X63Y69         FDRE (Prop_fdre_C_Q)         0.141     0.711 r  complex2DAdder_AXILiteS_s_axi_U/waddr_reg[3]/Q
                         net (fo=8, routed)           0.077     0.788    complex2DAdder_AXILiteS_s_axi_U/waddr[3]
    SLICE_X62Y69         LUT5 (Prop_lut5_I1_O)        0.045     0.833 r  complex2DAdder_AXILiteS_s_axi_U/int_auto_restart_i_1/O
                         net (fo=1, routed)           0.000     0.833    complex2DAdder_AXILiteS_s_axi_U/int_auto_restart_i_1_n_0
    SLICE_X62Y69         FDRE                                         r  complex2DAdder_AXILiteS_s_axi_U/int_auto_restart_reg/D
  -------------------------------------------------------------------    -------------------

                         (clock ap_clk rise edge)     0.000     0.000 r  
                                                      0.000     0.000 r  ap_clk (IN)
                         net (fo=339, unset)          0.838     0.838    complex2DAdder_AXILiteS_s_axi_U/ap_clk
    SLICE_X62Y69         FDRE                                         r  complex2DAdder_AXILiteS_s_axi_U/int_auto_restart_reg/C
                         clock pessimism             -0.254     0.584    
    SLICE_X62Y69         FDRE (Hold_fdre_C_D)         0.121     0.705    complex2DAdder_AXILiteS_s_axi_U/int_auto_restart_reg
  -------------------------------------------------------------------
                         required time                         -0.705    
                         arrival time                           0.833    
  -------------------------------------------------------------------
                         slack                                  0.128    





Pulse Width Checks
--------------------------------------------------------------------------------------
Clock Name:         ap_clk
Waveform(ns):       { 0.000 5.000 }
Period(ns):         10.000
Sources:            { ap_clk }

Check Type        Corner  Lib Pin             Reference Pin  Required(ns)  Actual(ns)  Slack(ns)  Location      Pin
Min Period        n/a     RAMB36E1/CLKARDCLK  n/a            2.944         10.000      7.056      RAMB36_X3Y14  complex2DAdder_AXILiteS_s_axi_U/int_in1_M_imag_V/gen_write[1].mem_reg/CLKARDCLK
Low Pulse Width   Slow    FDRE/C              n/a            0.500         5.000       4.500      SLICE_X58Y69  rdata_data_reg[18]_i_3/C
High Pulse Width  Fast    FDRE/C              n/a            0.500         5.000       4.500      SLICE_X55Y72  rdata_data_reg[23]_i_3/C



