#-----------------------------------------------------------
# xsim v2015.4 (64-bit)
# SW Build 1412921 on Wed Nov 18 09:43:45 MST 2015
# IP Build 1412160 on Tue Nov 17 13:47:24 MST 2015
# Start of session at: Thu Jun 09 23:38:01 2016
# Process ID: 13896
# Current directory: C:/Users/engrm_000/OneDrive/vivado_HLS/complexAdder/complex2DAdder/sim/vhdl
# Command line: xsim.exe -mode tcl -source {xsim.dir/complex2DAdder/xsim_script.tcl}
# Log file: C:/Users/engrm_000/OneDrive/vivado_HLS/complexAdder/complex2DAdder/sim/vhdl/xsim.log
# Journal file: C:/Users/engrm_000/OneDrive/vivado_HLS/complexAdder/complex2DAdder/sim/vhdl\xsim.jou
#-----------------------------------------------------------
source xsim.dir/complex2DAdder/xsim_script.tcl
# xsim {complex2DAdder} -maxdeltaid 10000 -autoloadwcfg -tclbatch {complex2DAdder.tcl}
Vivado Simulator 2015.4
Time resolution is 1 ps
source complex2DAdder.tcl
## run all
Note: simulation done!
Time: 4855 ns  Iteration: 1  Process: /apatb_complex2DAdder_top/generate_sim_done_proc  File: C:/Users/engrm_000/OneDrive/vivado_HLS/complexAdder/complex2DAdder/sim/vhdl/complex2DAdder.autotb.vhd
Failure: NORMAL EXIT (note: failure is to force the simulator to stop)
Time: 4855 ns  Iteration: 1  Process: /apatb_complex2DAdder_top/generate_sim_done_proc  File: C:/Users/engrm_000/OneDrive/vivado_HLS/complexAdder/complex2DAdder/sim/vhdl/complex2DAdder.autotb.vhd
$finish called at time : 4855 ns
## quit
INFO: [Common 17-206] Exiting xsim at Thu Jun 09 23:38:12 2016...
