Copyright 1986-2015 Xilinx, Inc. All Rights Reserved.
------------------------------------------------------------------------------------
| Tool Version : Vivado v.2015.4 (win64) Build 1412921 Wed Nov 18 09:43:45 MST 2015
| Date         : Wed Jun 01 09:02:16 2016
| Host         : Abbas running 64-bit major release  (build 9200)
| Command      : report_timing -file ./report/complexAdder_timing_synth.rpt
| Design       : complexAdder
| Device       : 7z020-clg484
| Speed File   : -1  PRODUCTION 1.11 2014-09-11
------------------------------------------------------------------------------------

Timing Report

Slack (MET) :             3.546ns  (required time - arrival time)
  Source:                 complexAdder_AXILiteS_s_axi_U/int_in2_M_imag_V/gen_write[1].mem_reg/CLKARDCLK
                            (rising edge-triggered cell RAMB36E1 clocked by ap_clk  {rise@0.000ns fall@5.000ns period=10.000ns})
  Destination:            complexAdder_AXILiteS_s_axi_U/int_out_M_imag_V/gen_write[1].mem_reg/DIADI[29]
                            (rising edge-triggered cell RAMB36E1 clocked by ap_clk  {rise@0.000ns fall@5.000ns period=10.000ns})
  Path Group:             ap_clk
  Path Type:              Setup (Max at Slow Process Corner)
  Requirement:            10.000ns  (ap_clk rise@10.000ns - ap_clk rise@0.000ns)
  Data Path Delay:        5.826ns  (logic 4.217ns (72.386%)  route 1.609ns (27.614%))
  Logic Levels:           9  (CARRY4=8 LUT3=1)
  Clock Path Skew:        -0.173ns (DCD - SCD + CPR)
    Destination Clock Delay (DCD):    1.607ns = ( 11.607 - 10.000 ) 
    Source Clock Delay      (SCD):    1.780ns
    Clock Pessimism Removal (CPR):    0.000ns
  Clock Uncertainty:      0.035ns  ((TSJ^2 + TIJ^2)^1/2 + DJ) / 2 + PE
    Total System Jitter     (TSJ):    0.071ns
    Total Input Jitter      (TIJ):    0.000ns
    Discrete Jitter          (DJ):    0.000ns
    Phase Error              (PE):    0.000ns

    Location             Delay type                Incr(ns)  Path(ns)    Netlist Resource(s)
  -------------------------------------------------------------------    -------------------
                         (clock ap_clk rise edge)     0.000     0.000 r  
                                                      0.000     0.000 r  ap_clk (IN)
                         net (fo=411, unset)          1.780     1.780    complexAdder_AXILiteS_s_axi_U/int_in2_M_imag_V/ap_clk
                         RAMB36E1                                     r  complexAdder_AXILiteS_s_axi_U/int_in2_M_imag_V/gen_write[1].mem_reg/CLKARDCLK
  -------------------------------------------------------------------    -------------------
                         RAMB36E1 (Prop_ramb36e1_CLKARDCLK_DOADO[0])
                                                      2.454     4.234 r  complexAdder_AXILiteS_s_axi_U/int_in2_M_imag_V/gen_write[1].mem_reg/DOADO[0]
                         net (fo=3, unplaced)         0.800     5.034    complexAdder_AXILiteS_s_axi_U/int_in2_M_imag_V/gen_write[1].mem_reg_i_79__0[0]
                         LUT3 (Prop_lut3_I0_O)        0.148     5.182 r  complexAdder_AXILiteS_s_axi_U/int_in2_M_imag_V/gen_write[1].mem_reg_i_71__0/O
                         net (fo=1, unplaced)         0.000     5.182    complexAdder_AXILiteS_s_axi_U/int_in2_M_imag_V/in2_M_imag_V_q0[0]
                         CARRY4 (Prop_carry4_DI[0]_CO[3])
                                                      0.576     5.758 r  complexAdder_AXILiteS_s_axi_U/int_in2_M_imag_V/gen_write[1].mem_reg_i_8__0/CO[3]
                         net (fo=1, unplaced)         0.009     5.767    complexAdder_AXILiteS_s_axi_U/int_in2_M_imag_V/gen_write[1].mem_reg_i_8__0_n_0
                         CARRY4 (Prop_carry4_CI_CO[3])
                                                      0.117     5.884 r  complexAdder_AXILiteS_s_axi_U/int_in2_M_imag_V/gen_write[1].mem_reg_i_7__0/CO[3]
                         net (fo=1, unplaced)         0.000     5.884    complexAdder_AXILiteS_s_axi_U/int_in2_M_imag_V/gen_write[1].mem_reg_i_7__0_n_0
                         CARRY4 (Prop_carry4_CI_CO[3])
                                                      0.117     6.001 r  complexAdder_AXILiteS_s_axi_U/int_in2_M_imag_V/gen_write[1].mem_reg_i_6__0/CO[3]
                         net (fo=1, unplaced)         0.000     6.001    complexAdder_AXILiteS_s_axi_U/int_in2_M_imag_V/gen_write[1].mem_reg_i_6__0_n_0
                         CARRY4 (Prop_carry4_CI_CO[3])
                                                      0.117     6.118 r  complexAdder_AXILiteS_s_axi_U/int_in2_M_imag_V/gen_write[1].mem_reg_i_5__0/CO[3]
                         net (fo=1, unplaced)         0.000     6.118    complexAdder_AXILiteS_s_axi_U/int_in2_M_imag_V/gen_write[1].mem_reg_i_5__0_n_0
                         CARRY4 (Prop_carry4_CI_CO[3])
                                                      0.117     6.235 r  complexAdder_AXILiteS_s_axi_U/int_in2_M_imag_V/gen_write[1].mem_reg_i_4__0/CO[3]
                         net (fo=1, unplaced)         0.000     6.235    complexAdder_AXILiteS_s_axi_U/int_in2_M_imag_V/gen_write[1].mem_reg_i_4__0_n_0
                         CARRY4 (Prop_carry4_CI_CO[3])
                                                      0.117     6.352 r  complexAdder_AXILiteS_s_axi_U/int_in2_M_imag_V/gen_write[1].mem_reg_i_3__0/CO[3]
                         net (fo=1, unplaced)         0.000     6.352    complexAdder_AXILiteS_s_axi_U/int_in2_M_imag_V/gen_write[1].mem_reg_i_3__0_n_0
                         CARRY4 (Prop_carry4_CI_CO[3])
                                                      0.117     6.469 r  complexAdder_AXILiteS_s_axi_U/int_in2_M_imag_V/gen_write[1].mem_reg_i_2__0/CO[3]
                         net (fo=1, unplaced)         0.000     6.469    complexAdder_AXILiteS_s_axi_U/int_in2_M_imag_V/gen_write[1].mem_reg_i_2__0_n_0
                         CARRY4 (Prop_carry4_CI_O[1])
                                                      0.337     6.806 r  complexAdder_AXILiteS_s_axi_U/int_in2_M_imag_V/gen_write[1].mem_reg_i_1__0/O[1]
                         net (fo=1, unplaced)         0.800     7.606    complexAdder_AXILiteS_s_axi_U/int_out_M_imag_V/out_M_imag_V_d0[29]
                         RAMB36E1                                     r  complexAdder_AXILiteS_s_axi_U/int_out_M_imag_V/gen_write[1].mem_reg/DIADI[29]
  -------------------------------------------------------------------    -------------------

                         (clock ap_clk rise edge)    10.000    10.000 r  
                                                      0.000    10.000 r  ap_clk (IN)
                         net (fo=411, unset)          1.607    11.607    complexAdder_AXILiteS_s_axi_U/int_out_M_imag_V/ap_clk
                         RAMB36E1                                     r  complexAdder_AXILiteS_s_axi_U/int_out_M_imag_V/gen_write[1].mem_reg/CLKARDCLK
                         clock pessimism              0.000    11.607    
                         clock uncertainty           -0.035    11.572    
                         RAMB36E1 (Setup_ramb36e1_CLKARDCLK_DIADI[29])
                                                     -0.420    11.152    complexAdder_AXILiteS_s_axi_U/int_out_M_imag_V/gen_write[1].mem_reg
  -------------------------------------------------------------------
                         required time                         11.152    
                         arrival time                          -7.606    
  -------------------------------------------------------------------
                         slack                                  3.546    




