#-----------------------------------------------------------
# xsim v2015.4 (64-bit)
# SW Build 1412921 on Wed Nov 18 09:43:45 MST 2015
# IP Build 1412160 on Tue Nov 17 13:47:24 MST 2015
# Start of session at: Wed Jun 01 07:07:47 2016
# Process ID: 10660
# Current directory: C:/Users/engrm_000/OneDrive/vivado_HLS/complexAdder/floatAdder/sim/verilog
# Command line: xsim.exe -mode tcl -source {xsim.dir/floatAdder/xsim_script.tcl}
# Log file: C:/Users/engrm_000/OneDrive/vivado_HLS/complexAdder/floatAdder/sim/verilog/xsim.log
# Journal file: C:/Users/engrm_000/OneDrive/vivado_HLS/complexAdder/floatAdder/sim/verilog\xsim.jou
#-----------------------------------------------------------
source xsim.dir/floatAdder/xsim_script.tcl
# xsim {floatAdder} -maxdeltaid 10000 -autoloadwcfg -tclbatch {floatAdder.tcl}
Vivado Simulator 2015.4
Time resolution is 1 ps
source floatAdder.tcl
## run all
$finish called at time : 1445 ns : File "C:/Users/engrm_000/OneDrive/vivado_HLS/complexAdder/floatAdder/sim/verilog/floatAdder.autotb.v" Line 336
## quit
INFO: [Common 17-206] Exiting xsim at Wed Jun 01 07:07:52 2016...
